{"uid":"8f560a9876e819ac","name":"test_scaling","fullName":"tests.integration.ha_tests.test_async_replication#test_scaling","historyId":"516219b7444bea9da0cd675ba612670b","time":{"start":1729388250482,"stop":1729388250482,"duration":0},"description":"Test that async replication works when scaling the clusters.","descriptionHtml":"<p>Test that async replication works when scaling the clusters.</p>\n","status":"skipped","statusMessage":"XFAIL reason: aborted\n\n_pytest.outcomes.XFailed: aborted","statusTrace":"Traceback (most recent call last):\n  File \"/home/runner/actions-runner/_work/test-runners-2-azure-arm64-postgresql-operator/test-runners-2-azure-arm64-postgresql-operator/.tox/integration/lib/python3.10/site-packages/_pytest/runner.py\", line 341, in from_call\n    result: TResult | None = func()\n  File \"/home/runner/actions-runner/_work/test-runners-2-azure-arm64-postgresql-operator/test-runners-2-azure-arm64-postgresql-operator/.tox/integration/lib/python3.10/site-packages/_pytest/runner.py\", line 242, in <lambda>\n    lambda: runtest_hook(item=item, **kwds), when=when, reraise=reraise\n  File \"/home/runner/actions-runner/_work/test-runners-2-azure-arm64-postgresql-operator/test-runners-2-azure-arm64-postgresql-operator/.tox/integration/lib/python3.10/site-packages/pluggy/_hooks.py\", line 513, in __call__\n    return self._hookexec(self.name, self._hookimpls.copy(), kwargs, firstresult)\n  File \"/home/runner/actions-runner/_work/test-runners-2-azure-arm64-postgresql-operator/test-runners-2-azure-arm64-postgresql-operator/.tox/integration/lib/python3.10/site-packages/pluggy/_manager.py\", line 120, in _hookexec\n    return self._inner_hookexec(hook_name, methods, kwargs, firstresult)\n  File \"/home/runner/actions-runner/_work/test-runners-2-azure-arm64-postgresql-operator/test-runners-2-azure-arm64-postgresql-operator/.tox/integration/lib/python3.10/site-packages/pluggy/_callers.py\", line 182, in _multicall\n    return outcome.get_result()\n  File \"/home/runner/actions-runner/_work/test-runners-2-azure-arm64-postgresql-operator/test-runners-2-azure-arm64-postgresql-operator/.tox/integration/lib/python3.10/site-packages/pluggy/_result.py\", line 100, in get_result\n    raise exc.with_traceback(exc.__traceback__)\n  File \"/home/runner/actions-runner/_work/test-runners-2-azure-arm64-postgresql-operator/test-runners-2-azure-arm64-postgresql-operator/.tox/integration/lib/python3.10/site-packages/pluggy/_callers.py\", line 167, in _multicall\n    teardown.throw(outcome._exception)\n  File \"/home/runner/actions-runner/_work/test-runners-2-azure-arm64-postgresql-operator/test-runners-2-azure-arm64-postgresql-operator/.tox/integration/lib/python3.10/site-packages/_pytest/unraisableexception.py\", line 90, in pytest_runtest_setup\n    yield from unraisable_exception_runtest_hook()\n  File \"/home/runner/actions-runner/_work/test-runners-2-azure-arm64-postgresql-operator/test-runners-2-azure-arm64-postgresql-operator/.tox/integration/lib/python3.10/site-packages/_pytest/unraisableexception.py\", line 70, in unraisable_exception_runtest_hook\n    yield\n  File \"/home/runner/actions-runner/_work/test-runners-2-azure-arm64-postgresql-operator/test-runners-2-azure-arm64-postgresql-operator/.tox/integration/lib/python3.10/site-packages/pluggy/_callers.py\", line 167, in _multicall\n    teardown.throw(outcome._exception)\n  File \"/home/runner/actions-runner/_work/test-runners-2-azure-arm64-postgresql-operator/test-runners-2-azure-arm64-postgresql-operator/.tox/integration/lib/python3.10/site-packages/_pytest/logging.py\", line 840, in pytest_runtest_setup\n    yield from self._runtest_for(item, \"setup\")\n  File \"/home/runner/actions-runner/_work/test-runners-2-azure-arm64-postgresql-operator/test-runners-2-azure-arm64-postgresql-operator/.tox/integration/lib/python3.10/site-packages/_pytest/logging.py\", line 829, in _runtest_for\n    yield\n  File \"/home/runner/actions-runner/_work/test-runners-2-azure-arm64-postgresql-operator/test-runners-2-azure-arm64-postgresql-operator/.tox/integration/lib/python3.10/site-packages/pluggy/_callers.py\", line 167, in _multicall\n    teardown.throw(outcome._exception)\n  File \"/home/runner/actions-runner/_work/test-runners-2-azure-arm64-postgresql-operator/test-runners-2-azure-arm64-postgresql-operator/.tox/integration/lib/python3.10/site-packages/_pytest/capture.py\", line 875, in pytest_runtest_setup\n    return (yield)\n  File \"/home/runner/actions-runner/_work/test-runners-2-azure-arm64-postgresql-operator/test-runners-2-azure-arm64-postgresql-operator/.tox/integration/lib/python3.10/site-packages/pluggy/_callers.py\", line 167, in _multicall\n    teardown.throw(outcome._exception)\n  File \"/home/runner/actions-runner/_work/test-runners-2-azure-arm64-postgresql-operator/test-runners-2-azure-arm64-postgresql-operator/.tox/integration/lib/python3.10/site-packages/_pytest/threadexception.py\", line 87, in pytest_runtest_setup\n    yield from thread_exception_runtest_hook()\n  File \"/home/runner/actions-runner/_work/test-runners-2-azure-arm64-postgresql-operator/test-runners-2-azure-arm64-postgresql-operator/.tox/integration/lib/python3.10/site-packages/_pytest/threadexception.py\", line 68, in thread_exception_runtest_hook\n    yield\n  File \"/home/runner/actions-runner/_work/test-runners-2-azure-arm64-postgresql-operator/test-runners-2-azure-arm64-postgresql-operator/.tox/integration/lib/python3.10/site-packages/pluggy/_callers.py\", line 103, in _multicall\n    res = hook_impl.function(*args)\n  File \"/home/runner/actions-runner/_work/test-runners-2-azure-arm64-postgresql-operator/test-runners-2-azure-arm64-postgresql-operator/.tox/integration/lib/python3.10/site-packages/_pytest/runner.py\", line 160, in pytest_runtest_setup\n    item.session._setupstate.setup(item)\n  File \"/home/runner/actions-runner/_work/test-runners-2-azure-arm64-postgresql-operator/test-runners-2-azure-arm64-postgresql-operator/.tox/integration/lib/python3.10/site-packages/_pytest/runner.py\", line 514, in setup\n    col.setup()\n  File \"/home/runner/actions-runner/_work/test-runners-2-azure-arm64-postgresql-operator/test-runners-2-azure-arm64-postgresql-operator/.tox/integration/lib/python3.10/site-packages/_pytest/python.py\", line 1630, in setup\n    self._request._fillfixtures()\n  File \"/home/runner/actions-runner/_work/test-runners-2-azure-arm64-postgresql-operator/test-runners-2-azure-arm64-postgresql-operator/.tox/integration/lib/python3.10/site-packages/_pytest/fixtures.py\", line 697, in _fillfixtures\n    item.funcargs[argname] = self.getfixturevalue(argname)\n  File \"/home/runner/actions-runner/_work/test-runners-2-azure-arm64-postgresql-operator/test-runners-2-azure-arm64-postgresql-operator/.tox/integration/lib/python3.10/site-packages/_pytest/fixtures.py\", line 532, in getfixturevalue\n    fixturedef = self._get_active_fixturedef(argname)\n  File \"/home/runner/actions-runner/_work/test-runners-2-azure-arm64-postgresql-operator/test-runners-2-azure-arm64-postgresql-operator/.tox/integration/lib/python3.10/site-packages/_pytest/fixtures.py\", line 617, in _get_active_fixturedef\n    fixturedef.execute(request=subrequest)\n  File \"/home/runner/actions-runner/_work/test-runners-2-azure-arm64-postgresql-operator/test-runners-2-azure-arm64-postgresql-operator/.tox/integration/lib/python3.10/site-packages/_pytest/fixtures.py\", line 1091, in execute\n    result = ihook.pytest_fixture_setup(fixturedef=self, request=request)\n  File \"/home/runner/actions-runner/_work/test-runners-2-azure-arm64-postgresql-operator/test-runners-2-azure-arm64-postgresql-operator/.tox/integration/lib/python3.10/site-packages/pluggy/_hooks.py\", line 513, in __call__\n    return self._hookexec(self.name, self._hookimpls.copy(), kwargs, firstresult)\n  File \"/home/runner/actions-runner/_work/test-runners-2-azure-arm64-postgresql-operator/test-runners-2-azure-arm64-postgresql-operator/.tox/integration/lib/python3.10/site-packages/pluggy/_manager.py\", line 120, in _hookexec\n    return self._inner_hookexec(hook_name, methods, kwargs, firstresult)\n  File \"/home/runner/actions-runner/_work/test-runners-2-azure-arm64-postgresql-operator/test-runners-2-azure-arm64-postgresql-operator/.tox/integration/lib/python3.10/site-packages/pluggy/_callers.py\", line 182, in _multicall\n    return outcome.get_result()\n  File \"/home/runner/actions-runner/_work/test-runners-2-azure-arm64-postgresql-operator/test-runners-2-azure-arm64-postgresql-operator/.tox/integration/lib/python3.10/site-packages/pluggy/_result.py\", line 100, in get_result\n    raise exc.with_traceback(exc.__traceback__)\n  File \"/home/runner/actions-runner/_work/test-runners-2-azure-arm64-postgresql-operator/test-runners-2-azure-arm64-postgresql-operator/.tox/integration/lib/python3.10/site-packages/pluggy/_callers.py\", line 167, in _multicall\n    teardown.throw(outcome._exception)\n  File \"/home/runner/actions-runner/_work/test-runners-2-azure-arm64-postgresql-operator/test-runners-2-azure-arm64-postgresql-operator/.tox/integration/lib/python3.10/site-packages/_pytest/setuponly.py\", line 36, in pytest_fixture_setup\n    return (yield)\n  File \"/home/runner/actions-runner/_work/test-runners-2-azure-arm64-postgresql-operator/test-runners-2-azure-arm64-postgresql-operator/.tox/integration/lib/python3.10/site-packages/pluggy/_callers.py\", line 103, in _multicall\n    res = hook_impl.function(*args)\n  File \"/home/runner/actions-runner/_work/test-runners-2-azure-arm64-postgresql-operator/test-runners-2-azure-arm64-postgresql-operator/.tox/integration/lib/python3.10/site-packages/_pytest/fixtures.py\", line 1140, in pytest_fixture_setup\n    result = call_fixture_func(fixturefunc, request, kwargs)\n  File \"/home/runner/actions-runner/_work/test-runners-2-azure-arm64-postgresql-operator/test-runners-2-azure-arm64-postgresql-operator/.tox/integration/lib/python3.10/site-packages/_pytest/fixtures.py\", line 891, in call_fixture_func\n    fixture_result = next(generator)\n  File \"/home/runner/actions-runner/_work/test-runners-2-azure-arm64-postgresql-operator/test-runners-2-azure-arm64-postgresql-operator/.tox/integration/lib/python3.10/site-packages/pytest_operator/plugin.py\", line 234, in abort_on_fail\n    pytest.xfail(\"aborted\")\n  File \"/home/runner/actions-runner/_work/test-runners-2-azure-arm64-postgresql-operator/test-runners-2-azure-arm64-postgresql-operator/.tox/integration/lib/python3.10/site-packages/_pytest/outcomes.py\", line 206, in xfail\n    raise XFailed(reason)\n_pytest.outcomes.XFailed: aborted","flaky":false,"newFailed":false,"newBroken":false,"newPassed":false,"retriesCount":1,"retriesStatusChange":true,"beforeStages":[{"name":"ops_test","time":{"start":1729387943581,"stop":1729387943789,"duration":208},"status":"passed","steps":[],"attachments":[],"parameters":[],"stepsCount":0,"shouldDisplayMessage":false,"attachmentsCount":0,"hasContent":false,"attachmentStep":false},{"name":"event_loop","time":{"start":1729387943581,"stop":1729387943581,"duration":0},"status":"passed","steps":[],"attachments":[],"parameters":[],"stepsCount":0,"shouldDisplayMessage":false,"attachmentsCount":0,"hasContent":false,"attachmentStep":false},{"name":"tmp_path_factory","time":{"start":1729387943581,"stop":1729387943581,"duration":0},"status":"passed","steps":[],"attachments":[],"parameters":[],"stepsCount":0,"shouldDisplayMessage":false,"attachmentsCount":0,"hasContent":false,"attachmentStep":false},{"name":"first_model","time":{"start":1729387943789,"stop":1729387943789,"duration":0},"status":"passed","steps":[],"attachments":[],"parameters":[],"stepsCount":0,"shouldDisplayMessage":false,"attachmentsCount":0,"hasContent":false,"attachmentStep":false},{"name":"second_model","time":{"start":1729387943789,"stop":1729387944624,"duration":835},"status":"passed","steps":[],"attachments":[],"parameters":[],"stepsCount":0,"shouldDisplayMessage":false,"attachmentsCount":0,"hasContent":false,"attachmentStep":false},{"name":"abort_on_fail","time":{"start":1729388250483,"stop":1729388250484,"duration":1},"status":"failed","statusMessage":"_pytest.outcomes.XFailed: aborted\n","statusTrace":"  File \"/home/runner/actions-runner/_work/test-runners-2-azure-arm64-postgresql-operator/test-runners-2-azure-arm64-postgresql-operator/.tox/integration/lib/python3.10/site-packages/pluggy/_callers.py\", line 167, in _multicall\n    teardown.throw(outcome._exception)\n  File \"/home/runner/actions-runner/_work/test-runners-2-azure-arm64-postgresql-operator/test-runners-2-azure-arm64-postgresql-operator/.tox/integration/lib/python3.10/site-packages/_pytest/setuponly.py\", line 36, in pytest_fixture_setup\n    return (yield)\n  File \"/home/runner/actions-runner/_work/test-runners-2-azure-arm64-postgresql-operator/test-runners-2-azure-arm64-postgresql-operator/.tox/integration/lib/python3.10/site-packages/pluggy/_callers.py\", line 103, in _multicall\n    res = hook_impl.function(*args)\n  File \"/home/runner/actions-runner/_work/test-runners-2-azure-arm64-postgresql-operator/test-runners-2-azure-arm64-postgresql-operator/.tox/integration/lib/python3.10/site-packages/_pytest/fixtures.py\", line 1140, in pytest_fixture_setup\n    result = call_fixture_func(fixturefunc, request, kwargs)\n  File \"/home/runner/actions-runner/_work/test-runners-2-azure-arm64-postgresql-operator/test-runners-2-azure-arm64-postgresql-operator/.tox/integration/lib/python3.10/site-packages/_pytest/fixtures.py\", line 891, in call_fixture_func\n    fixture_result = next(generator)\n  File \"/home/runner/actions-runner/_work/test-runners-2-azure-arm64-postgresql-operator/test-runners-2-azure-arm64-postgresql-operator/.tox/integration/lib/python3.10/site-packages/pytest_operator/plugin.py\", line 234, in abort_on_fail\n    pytest.xfail(\"aborted\")\n  File \"/home/runner/actions-runner/_work/test-runners-2-azure-arm64-postgresql-operator/test-runners-2-azure-arm64-postgresql-operator/.tox/integration/lib/python3.10/site-packages/_pytest/outcomes.py\", line 206, in xfail\n    raise XFailed(reason)\n","steps":[],"attachments":[],"parameters":[],"stepsCount":0,"shouldDisplayMessage":true,"attachmentsCount":0,"hasContent":true,"attachmentStep":false}],"testStage":{"description":"Test that async replication works when scaling the clusters.","status":"skipped","statusMessage":"XFAIL reason: aborted\n\n_pytest.outcomes.XFailed: aborted","statusTrace":"Traceback (most recent call last):\n  File \"/home/runner/actions-runner/_work/test-runners-2-azure-arm64-postgresql-operator/test-runners-2-azure-arm64-postgresql-operator/.tox/integration/lib/python3.10/site-packages/_pytest/runner.py\", line 341, in from_call\n    result: TResult | None = func()\n  File \"/home/runner/actions-runner/_work/test-runners-2-azure-arm64-postgresql-operator/test-runners-2-azure-arm64-postgresql-operator/.tox/integration/lib/python3.10/site-packages/_pytest/runner.py\", line 242, in <lambda>\n    lambda: runtest_hook(item=item, **kwds), when=when, reraise=reraise\n  File \"/home/runner/actions-runner/_work/test-runners-2-azure-arm64-postgresql-operator/test-runners-2-azure-arm64-postgresql-operator/.tox/integration/lib/python3.10/site-packages/pluggy/_hooks.py\", line 513, in __call__\n    return self._hookexec(self.name, self._hookimpls.copy(), kwargs, firstresult)\n  File \"/home/runner/actions-runner/_work/test-runners-2-azure-arm64-postgresql-operator/test-runners-2-azure-arm64-postgresql-operator/.tox/integration/lib/python3.10/site-packages/pluggy/_manager.py\", line 120, in _hookexec\n    return self._inner_hookexec(hook_name, methods, kwargs, firstresult)\n  File \"/home/runner/actions-runner/_work/test-runners-2-azure-arm64-postgresql-operator/test-runners-2-azure-arm64-postgresql-operator/.tox/integration/lib/python3.10/site-packages/pluggy/_callers.py\", line 182, in _multicall\n    return outcome.get_result()\n  File \"/home/runner/actions-runner/_work/test-runners-2-azure-arm64-postgresql-operator/test-runners-2-azure-arm64-postgresql-operator/.tox/integration/lib/python3.10/site-packages/pluggy/_result.py\", line 100, in get_result\n    raise exc.with_traceback(exc.__traceback__)\n  File \"/home/runner/actions-runner/_work/test-runners-2-azure-arm64-postgresql-operator/test-runners-2-azure-arm64-postgresql-operator/.tox/integration/lib/python3.10/site-packages/pluggy/_callers.py\", line 167, in _multicall\n    teardown.throw(outcome._exception)\n  File \"/home/runner/actions-runner/_work/test-runners-2-azure-arm64-postgresql-operator/test-runners-2-azure-arm64-postgresql-operator/.tox/integration/lib/python3.10/site-packages/_pytest/unraisableexception.py\", line 90, in pytest_runtest_setup\n    yield from unraisable_exception_runtest_hook()\n  File \"/home/runner/actions-runner/_work/test-runners-2-azure-arm64-postgresql-operator/test-runners-2-azure-arm64-postgresql-operator/.tox/integration/lib/python3.10/site-packages/_pytest/unraisableexception.py\", line 70, in unraisable_exception_runtest_hook\n    yield\n  File \"/home/runner/actions-runner/_work/test-runners-2-azure-arm64-postgresql-operator/test-runners-2-azure-arm64-postgresql-operator/.tox/integration/lib/python3.10/site-packages/pluggy/_callers.py\", line 167, in _multicall\n    teardown.throw(outcome._exception)\n  File \"/home/runner/actions-runner/_work/test-runners-2-azure-arm64-postgresql-operator/test-runners-2-azure-arm64-postgresql-operator/.tox/integration/lib/python3.10/site-packages/_pytest/logging.py\", line 840, in pytest_runtest_setup\n    yield from self._runtest_for(item, \"setup\")\n  File \"/home/runner/actions-runner/_work/test-runners-2-azure-arm64-postgresql-operator/test-runners-2-azure-arm64-postgresql-operator/.tox/integration/lib/python3.10/site-packages/_pytest/logging.py\", line 829, in _runtest_for\n    yield\n  File \"/home/runner/actions-runner/_work/test-runners-2-azure-arm64-postgresql-operator/test-runners-2-azure-arm64-postgresql-operator/.tox/integration/lib/python3.10/site-packages/pluggy/_callers.py\", line 167, in _multicall\n    teardown.throw(outcome._exception)\n  File \"/home/runner/actions-runner/_work/test-runners-2-azure-arm64-postgresql-operator/test-runners-2-azure-arm64-postgresql-operator/.tox/integration/lib/python3.10/site-packages/_pytest/capture.py\", line 875, in pytest_runtest_setup\n    return (yield)\n  File \"/home/runner/actions-runner/_work/test-runners-2-azure-arm64-postgresql-operator/test-runners-2-azure-arm64-postgresql-operator/.tox/integration/lib/python3.10/site-packages/pluggy/_callers.py\", line 167, in _multicall\n    teardown.throw(outcome._exception)\n  File \"/home/runner/actions-runner/_work/test-runners-2-azure-arm64-postgresql-operator/test-runners-2-azure-arm64-postgresql-operator/.tox/integration/lib/python3.10/site-packages/_pytest/threadexception.py\", line 87, in pytest_runtest_setup\n    yield from thread_exception_runtest_hook()\n  File \"/home/runner/actions-runner/_work/test-runners-2-azure-arm64-postgresql-operator/test-runners-2-azure-arm64-postgresql-operator/.tox/integration/lib/python3.10/site-packages/_pytest/threadexception.py\", line 68, in thread_exception_runtest_hook\n    yield\n  File \"/home/runner/actions-runner/_work/test-runners-2-azure-arm64-postgresql-operator/test-runners-2-azure-arm64-postgresql-operator/.tox/integration/lib/python3.10/site-packages/pluggy/_callers.py\", line 103, in _multicall\n    res = hook_impl.function(*args)\n  File \"/home/runner/actions-runner/_work/test-runners-2-azure-arm64-postgresql-operator/test-runners-2-azure-arm64-postgresql-operator/.tox/integration/lib/python3.10/site-packages/_pytest/runner.py\", line 160, in pytest_runtest_setup\n    item.session._setupstate.setup(item)\n  File \"/home/runner/actions-runner/_work/test-runners-2-azure-arm64-postgresql-operator/test-runners-2-azure-arm64-postgresql-operator/.tox/integration/lib/python3.10/site-packages/_pytest/runner.py\", line 514, in setup\n    col.setup()\n  File \"/home/runner/actions-runner/_work/test-runners-2-azure-arm64-postgresql-operator/test-runners-2-azure-arm64-postgresql-operator/.tox/integration/lib/python3.10/site-packages/_pytest/python.py\", line 1630, in setup\n    self._request._fillfixtures()\n  File \"/home/runner/actions-runner/_work/test-runners-2-azure-arm64-postgresql-operator/test-runners-2-azure-arm64-postgresql-operator/.tox/integration/lib/python3.10/site-packages/_pytest/fixtures.py\", line 697, in _fillfixtures\n    item.funcargs[argname] = self.getfixturevalue(argname)\n  File \"/home/runner/actions-runner/_work/test-runners-2-azure-arm64-postgresql-operator/test-runners-2-azure-arm64-postgresql-operator/.tox/integration/lib/python3.10/site-packages/_pytest/fixtures.py\", line 532, in getfixturevalue\n    fixturedef = self._get_active_fixturedef(argname)\n  File \"/home/runner/actions-runner/_work/test-runners-2-azure-arm64-postgresql-operator/test-runners-2-azure-arm64-postgresql-operator/.tox/integration/lib/python3.10/site-packages/_pytest/fixtures.py\", line 617, in _get_active_fixturedef\n    fixturedef.execute(request=subrequest)\n  File \"/home/runner/actions-runner/_work/test-runners-2-azure-arm64-postgresql-operator/test-runners-2-azure-arm64-postgresql-operator/.tox/integration/lib/python3.10/site-packages/_pytest/fixtures.py\", line 1091, in execute\n    result = ihook.pytest_fixture_setup(fixturedef=self, request=request)\n  File \"/home/runner/actions-runner/_work/test-runners-2-azure-arm64-postgresql-operator/test-runners-2-azure-arm64-postgresql-operator/.tox/integration/lib/python3.10/site-packages/pluggy/_hooks.py\", line 513, in __call__\n    return self._hookexec(self.name, self._hookimpls.copy(), kwargs, firstresult)\n  File \"/home/runner/actions-runner/_work/test-runners-2-azure-arm64-postgresql-operator/test-runners-2-azure-arm64-postgresql-operator/.tox/integration/lib/python3.10/site-packages/pluggy/_manager.py\", line 120, in _hookexec\n    return self._inner_hookexec(hook_name, methods, kwargs, firstresult)\n  File \"/home/runner/actions-runner/_work/test-runners-2-azure-arm64-postgresql-operator/test-runners-2-azure-arm64-postgresql-operator/.tox/integration/lib/python3.10/site-packages/pluggy/_callers.py\", line 182, in _multicall\n    return outcome.get_result()\n  File \"/home/runner/actions-runner/_work/test-runners-2-azure-arm64-postgresql-operator/test-runners-2-azure-arm64-postgresql-operator/.tox/integration/lib/python3.10/site-packages/pluggy/_result.py\", line 100, in get_result\n    raise exc.with_traceback(exc.__traceback__)\n  File \"/home/runner/actions-runner/_work/test-runners-2-azure-arm64-postgresql-operator/test-runners-2-azure-arm64-postgresql-operator/.tox/integration/lib/python3.10/site-packages/pluggy/_callers.py\", line 167, in _multicall\n    teardown.throw(outcome._exception)\n  File \"/home/runner/actions-runner/_work/test-runners-2-azure-arm64-postgresql-operator/test-runners-2-azure-arm64-postgresql-operator/.tox/integration/lib/python3.10/site-packages/_pytest/setuponly.py\", line 36, in pytest_fixture_setup\n    return (yield)\n  File \"/home/runner/actions-runner/_work/test-runners-2-azure-arm64-postgresql-operator/test-runners-2-azure-arm64-postgresql-operator/.tox/integration/lib/python3.10/site-packages/pluggy/_callers.py\", line 103, in _multicall\n    res = hook_impl.function(*args)\n  File \"/home/runner/actions-runner/_work/test-runners-2-azure-arm64-postgresql-operator/test-runners-2-azure-arm64-postgresql-operator/.tox/integration/lib/python3.10/site-packages/_pytest/fixtures.py\", line 1140, in pytest_fixture_setup\n    result = call_fixture_func(fixturefunc, request, kwargs)\n  File \"/home/runner/actions-runner/_work/test-runners-2-azure-arm64-postgresql-operator/test-runners-2-azure-arm64-postgresql-operator/.tox/integration/lib/python3.10/site-packages/_pytest/fixtures.py\", line 891, in call_fixture_func\n    fixture_result = next(generator)\n  File \"/home/runner/actions-runner/_work/test-runners-2-azure-arm64-postgresql-operator/test-runners-2-azure-arm64-postgresql-operator/.tox/integration/lib/python3.10/site-packages/pytest_operator/plugin.py\", line 234, in abort_on_fail\n    pytest.xfail(\"aborted\")\n  File \"/home/runner/actions-runner/_work/test-runners-2-azure-arm64-postgresql-operator/test-runners-2-azure-arm64-postgresql-operator/.tox/integration/lib/python3.10/site-packages/_pytest/outcomes.py\", line 206, in xfail\n    raise XFailed(reason)\n_pytest.outcomes.XFailed: aborted","steps":[],"attachments":[{"uid":"bb00f18e6f72d074","name":"log","source":"bb00f18e6f72d074.txt","type":"text/plain","size":6962}],"parameters":[],"stepsCount":0,"shouldDisplayMessage":true,"attachmentsCount":1,"hasContent":true,"attachmentStep":false},"afterStages":[{"name":"second_model::finalizer","time":{"start":1729388250486,"stop":1729388250627,"duration":141},"status":"passed","steps":[],"attachments":[],"parameters":[],"stepsCount":0,"shouldDisplayMessage":false,"attachmentsCount":0,"hasContent":false,"attachmentStep":false},{"name":"ops_test::finalizer","time":{"start":1729388250628,"stop":1729388252524,"duration":1896},"status":"passed","steps":[],"attachments":[],"parameters":[],"stepsCount":0,"shouldDisplayMessage":false,"attachmentsCount":0,"hasContent":false,"attachmentStep":false},{"name":"event_loop::2","time":{"start":1729388252524,"stop":1729388252524,"duration":0},"status":"passed","steps":[],"attachments":[],"parameters":[],"stepsCount":0,"shouldDisplayMessage":false,"attachmentsCount":0,"hasContent":false,"attachmentStep":false},{"name":"event_loop::_close_event_loop","time":{"start":1729388252524,"stop":1729388252524,"duration":0},"status":"passed","steps":[],"attachments":[],"parameters":[],"stepsCount":0,"shouldDisplayMessage":false,"attachmentsCount":0,"hasContent":false,"attachmentStep":false},{"name":"event_loop::_provide_clean_event_loop","time":{"start":1729388252524,"stop":1729388252525,"duration":1},"status":"passed","steps":[],"attachments":[],"parameters":[],"stepsCount":0,"shouldDisplayMessage":false,"attachmentsCount":0,"hasContent":false,"attachmentStep":false}],"labels":[{"name":"tag","value":"abort_on_fail"},{"name":"tag","value":"@pytest.mark.skipif(False, reason='Requires juju 3')"},{"name":"tag","value":"group(1)"},{"name":"tag","value":"asyncio"},{"name":"parentSuite","value":"tests.integration.ha_tests"},{"name":"suite","value":"test_async_replication"},{"name":"host","value":"runner"},{"name":"thread","value":"17568-MainThread"},{"name":"framework","value":"pytest"},{"name":"language","value":"cpython3"},{"name":"package","value":"tests.integration.ha_tests.test_async_replication"},{"name":"resultFormat","value":"allure2"}],"parameters":[],"links":[],"hidden":false,"retry":false,"extra":{"severity":"normal","retries":[{"uid":"6fcaf32c4107f2c8","status":"unknown","time":{}}],"categories":[],"history":{"statistic":{"failed":0,"broken":1,"skipped":18,"passed":17,"unknown":3,"total":39},"items":[{"uid":"512a9dd0f0d43510","reportUrl":"../115//#testresult/512a9dd0f0d43510","status":"skipped","statusDetails":"XFAIL reason: aborted\n\n_pytest.outcomes.XFailed: aborted","time":{"start":1729301806801,"stop":1729301806801,"duration":0}},{"uid":"af5a9024c88093dc","reportUrl":"../114//#testresult/af5a9024c88093dc","status":"skipped","statusDetails":"XFAIL reason: aborted\n\n_pytest.outcomes.XFailed: aborted","time":{"start":1729215402003,"stop":1729215402003,"duration":0}},{"uid":"6afd3f073a0a0a4b","reportUrl":"../113//#testresult/6afd3f073a0a0a4b","status":"skipped","statusDetails":"XFAIL reason: aborted\n\n_pytest.outcomes.XFailed: aborted","time":{"start":1729129063203,"stop":1729129063203,"duration":0}},{"uid":"be1232c69094285","reportUrl":"../112//#testresult/be1232c69094285","status":"skipped","statusDetails":"XFAIL reason: aborted\n\n_pytest.outcomes.XFailed: aborted","time":{"start":1729042738542,"stop":1729042738542,"duration":0}},{"uid":"e2fa40dee697fe65","reportUrl":"../111//#testresult/e2fa40dee697fe65","status":"passed","time":{"start":1728958313030,"stop":1728959354053,"duration":1041023}},{"uid":"4ce31a55f8eb545c","reportUrl":"../110//#testresult/4ce31a55f8eb545c","status":"passed","time":{"start":1728872165734,"stop":1728873201023,"duration":1035289}},{"uid":"2289a26ccbe474c1","reportUrl":"../109//#testresult/2289a26ccbe474c1","status":"passed","time":{"start":1728785641902,"stop":1728786626105,"duration":984203}},{"uid":"a366ccd20e254703","reportUrl":"../108//#testresult/a366ccd20e254703","status":"passed","time":{"start":1728699227607,"stop":1728700300335,"duration":1072728}},{"uid":"f64d15c8725732bf","reportUrl":"../107//#testresult/f64d15c8725732bf","status":"passed","time":{"start":1728612724329,"stop":1728613783381,"duration":1059052}},{"uid":"a77eeaeb9f4a4f4f","reportUrl":"../105//#testresult/a77eeaeb9f4a4f4f","status":"skipped","statusDetails":"XFAIL reason: aborted\n\n_pytest.outcomes.XFailed: aborted","time":{"start":1728439243530,"stop":1728439243530,"duration":0}},{"uid":"5d274d9c6d8203bf","reportUrl":"../104//#testresult/5d274d9c6d8203bf","status":"skipped","statusDetails":"XFAIL reason: aborted\n\n_pytest.outcomes.XFailed: aborted","time":{"start":1728351357027,"stop":1728351357027,"duration":0}},{"uid":"4f0ca682b237250c","reportUrl":"../103//#testresult/4f0ca682b237250c","status":"passed","time":{"start":1728267337333,"stop":1728268349920,"duration":1012587}},{"uid":"a4e9ce166a16e429","reportUrl":"../102//#testresult/a4e9ce166a16e429","status":"passed","time":{"start":1728180650506,"stop":1728181685905,"duration":1035399}},{"uid":"98cf6963ba57624a","reportUrl":"../101//#testresult/98cf6963ba57624a","status":"passed","time":{"start":1728094313220,"stop":1728095306398,"duration":993178}},{"uid":"5b87c56b6f6dffd4","reportUrl":"../100//#testresult/5b87c56b6f6dffd4","status":"passed","time":{"start":1728007952397,"stop":1728008997991,"duration":1045594}},{"uid":"391e27c5fa99e7b0","reportUrl":"../99//#testresult/391e27c5fa99e7b0","status":"skipped","statusDetails":"XFAIL reason: aborted\n\n_pytest.outcomes.XFailed: aborted","time":{"start":1727921483557,"stop":1727921483557,"duration":0}},{"uid":"a9eb17fb803b43ec","reportUrl":"../98//#testresult/a9eb17fb803b43ec","status":"passed","time":{"start":1727835013381,"stop":1727836028810,"duration":1015429}},{"uid":"b944153463046825","reportUrl":"../97//#testresult/b944153463046825","status":"passed","time":{"start":1727748861153,"stop":1727749947468,"duration":1086315}},{"uid":"394a9a2ec1f7a2a0","reportUrl":"../96//#testresult/394a9a2ec1f7a2a0","status":"skipped","statusDetails":"XFAIL reason: aborted\n\n_pytest.outcomes.XFailed: aborted","time":{"start":1727662136826,"stop":1727662136826,"duration":0}},{"uid":"b8c103916c8ce3c7","reportUrl":"../95//#testresult/b8c103916c8ce3c7","status":"broken","statusDetails":"asyncio.exceptions.TimeoutError: Timed out waiting for model:\npostgresql/2 [idle] waiting: awaiting for member to start","time":{"start":1727575958348,"stop":1727578709160,"duration":2750812}}]},"tags":["asyncio","abort_on_fail","@pytest.mark.skipif(False, reason='Requires juju 3')","group(1)"]},"source":"8f560a9876e819ac.json","parameterValues":[]}