{"uid":"f7ec4aaa462bce31","name":"test_deploy_active","fullName":"tests.integration.test_password_rotation#test_deploy_active","historyId":"7731bff68b9acca2f27c79bc5db0a391","time":{"start":1729128785219,"stop":1729128937350,"duration":152131},"description":"Build the charm and deploy it.","descriptionHtml":"<p>Build the charm and deploy it.</p>\n","status":"broken","statusMessage":"juju.errors.JujuUnitError: Unit in error: postgresql/1","statusTrace":"Traceback (most recent call last):\n  File \"/home/runner/actions-runner/_work/test-runners-2-azure-arm64-postgresql-operator/test-runners-2-azure-arm64-postgresql-operator/.tox/integration/lib/python3.10/site-packages/_pytest/runner.py\", line 341, in from_call\n    result: TResult | None = func()\n  File \"/home/runner/actions-runner/_work/test-runners-2-azure-arm64-postgresql-operator/test-runners-2-azure-arm64-postgresql-operator/.tox/integration/lib/python3.10/site-packages/_pytest/runner.py\", line 242, in <lambda>\n    lambda: runtest_hook(item=item, **kwds), when=when, reraise=reraise\n  File \"/home/runner/actions-runner/_work/test-runners-2-azure-arm64-postgresql-operator/test-runners-2-azure-arm64-postgresql-operator/.tox/integration/lib/python3.10/site-packages/pluggy/_hooks.py\", line 513, in __call__\n    return self._hookexec(self.name, self._hookimpls.copy(), kwargs, firstresult)\n  File \"/home/runner/actions-runner/_work/test-runners-2-azure-arm64-postgresql-operator/test-runners-2-azure-arm64-postgresql-operator/.tox/integration/lib/python3.10/site-packages/pluggy/_manager.py\", line 120, in _hookexec\n    return self._inner_hookexec(hook_name, methods, kwargs, firstresult)\n  File \"/home/runner/actions-runner/_work/test-runners-2-azure-arm64-postgresql-operator/test-runners-2-azure-arm64-postgresql-operator/.tox/integration/lib/python3.10/site-packages/pluggy/_callers.py\", line 182, in _multicall\n    return outcome.get_result()\n  File \"/home/runner/actions-runner/_work/test-runners-2-azure-arm64-postgresql-operator/test-runners-2-azure-arm64-postgresql-operator/.tox/integration/lib/python3.10/site-packages/pluggy/_result.py\", line 100, in get_result\n    raise exc.with_traceback(exc.__traceback__)\n  File \"/home/runner/actions-runner/_work/test-runners-2-azure-arm64-postgresql-operator/test-runners-2-azure-arm64-postgresql-operator/.tox/integration/lib/python3.10/site-packages/pluggy/_callers.py\", line 167, in _multicall\n    teardown.throw(outcome._exception)\n  File \"/home/runner/actions-runner/_work/test-runners-2-azure-arm64-postgresql-operator/test-runners-2-azure-arm64-postgresql-operator/.tox/integration/lib/python3.10/site-packages/_pytest/threadexception.py\", line 92, in pytest_runtest_call\n    yield from thread_exception_runtest_hook()\n  File \"/home/runner/actions-runner/_work/test-runners-2-azure-arm64-postgresql-operator/test-runners-2-azure-arm64-postgresql-operator/.tox/integration/lib/python3.10/site-packages/_pytest/threadexception.py\", line 68, in thread_exception_runtest_hook\n    yield\n  File \"/home/runner/actions-runner/_work/test-runners-2-azure-arm64-postgresql-operator/test-runners-2-azure-arm64-postgresql-operator/.tox/integration/lib/python3.10/site-packages/pluggy/_callers.py\", line 167, in _multicall\n    teardown.throw(outcome._exception)\n  File \"/home/runner/actions-runner/_work/test-runners-2-azure-arm64-postgresql-operator/test-runners-2-azure-arm64-postgresql-operator/.tox/integration/lib/python3.10/site-packages/_pytest/unraisableexception.py\", line 95, in pytest_runtest_call\n    yield from unraisable_exception_runtest_hook()\n  File \"/home/runner/actions-runner/_work/test-runners-2-azure-arm64-postgresql-operator/test-runners-2-azure-arm64-postgresql-operator/.tox/integration/lib/python3.10/site-packages/_pytest/unraisableexception.py\", line 70, in unraisable_exception_runtest_hook\n    yield\n  File \"/home/runner/actions-runner/_work/test-runners-2-azure-arm64-postgresql-operator/test-runners-2-azure-arm64-postgresql-operator/.tox/integration/lib/python3.10/site-packages/pluggy/_callers.py\", line 167, in _multicall\n    teardown.throw(outcome._exception)\n  File \"/home/runner/actions-runner/_work/test-runners-2-azure-arm64-postgresql-operator/test-runners-2-azure-arm64-postgresql-operator/.tox/integration/lib/python3.10/site-packages/_pytest/logging.py\", line 846, in pytest_runtest_call\n    yield from self._runtest_for(item, \"call\")\n  File \"/home/runner/actions-runner/_work/test-runners-2-azure-arm64-postgresql-operator/test-runners-2-azure-arm64-postgresql-operator/.tox/integration/lib/python3.10/site-packages/_pytest/logging.py\", line 829, in _runtest_for\n    yield\n  File \"/home/runner/actions-runner/_work/test-runners-2-azure-arm64-postgresql-operator/test-runners-2-azure-arm64-postgresql-operator/.tox/integration/lib/python3.10/site-packages/pluggy/_callers.py\", line 167, in _multicall\n    teardown.throw(outcome._exception)\n  File \"/home/runner/actions-runner/_work/test-runners-2-azure-arm64-postgresql-operator/test-runners-2-azure-arm64-postgresql-operator/.tox/integration/lib/python3.10/site-packages/_pytest/capture.py\", line 880, in pytest_runtest_call\n    return (yield)\n  File \"/home/runner/actions-runner/_work/test-runners-2-azure-arm64-postgresql-operator/test-runners-2-azure-arm64-postgresql-operator/.tox/integration/lib/python3.10/site-packages/pluggy/_callers.py\", line 167, in _multicall\n    teardown.throw(outcome._exception)\n  File \"/home/runner/actions-runner/_work/test-runners-2-azure-arm64-postgresql-operator/test-runners-2-azure-arm64-postgresql-operator/.tox/integration/lib/python3.10/site-packages/_pytest/skipping.py\", line 257, in pytest_runtest_call\n    return (yield)\n  File \"/home/runner/actions-runner/_work/test-runners-2-azure-arm64-postgresql-operator/test-runners-2-azure-arm64-postgresql-operator/.tox/integration/lib/python3.10/site-packages/pluggy/_callers.py\", line 103, in _multicall\n    res = hook_impl.function(*args)\n  File \"/home/runner/actions-runner/_work/test-runners-2-azure-arm64-postgresql-operator/test-runners-2-azure-arm64-postgresql-operator/.tox/integration/lib/python3.10/site-packages/_pytest/runner.py\", line 174, in pytest_runtest_call\n    item.runtest()\n  File \"/home/runner/actions-runner/_work/test-runners-2-azure-arm64-postgresql-operator/test-runners-2-azure-arm64-postgresql-operator/.tox/integration/lib/python3.10/site-packages/_pytest/python.py\", line 1627, in runtest\n    self.ihook.pytest_pyfunc_call(pyfuncitem=self)\n  File \"/home/runner/actions-runner/_work/test-runners-2-azure-arm64-postgresql-operator/test-runners-2-azure-arm64-postgresql-operator/.tox/integration/lib/python3.10/site-packages/pluggy/_hooks.py\", line 513, in __call__\n    return self._hookexec(self.name, self._hookimpls.copy(), kwargs, firstresult)\n  File \"/home/runner/actions-runner/_work/test-runners-2-azure-arm64-postgresql-operator/test-runners-2-azure-arm64-postgresql-operator/.tox/integration/lib/python3.10/site-packages/pluggy/_manager.py\", line 120, in _hookexec\n    return self._inner_hookexec(hook_name, methods, kwargs, firstresult)\n  File \"/home/runner/actions-runner/_work/test-runners-2-azure-arm64-postgresql-operator/test-runners-2-azure-arm64-postgresql-operator/.tox/integration/lib/python3.10/site-packages/pluggy/_callers.py\", line 182, in _multicall\n    return outcome.get_result()\n  File \"/home/runner/actions-runner/_work/test-runners-2-azure-arm64-postgresql-operator/test-runners-2-azure-arm64-postgresql-operator/.tox/integration/lib/python3.10/site-packages/pluggy/_result.py\", line 100, in get_result\n    raise exc.with_traceback(exc.__traceback__)\n  File \"/home/runner/actions-runner/_work/test-runners-2-azure-arm64-postgresql-operator/test-runners-2-azure-arm64-postgresql-operator/.tox/integration/lib/python3.10/site-packages/pluggy/_callers.py\", line 103, in _multicall\n    res = hook_impl.function(*args)\n  File \"/home/runner/actions-runner/_work/test-runners-2-azure-arm64-postgresql-operator/test-runners-2-azure-arm64-postgresql-operator/.tox/integration/lib/python3.10/site-packages/_pytest/python.py\", line 159, in pytest_pyfunc_call\n    result = testfunction(**testargs)\n  File \"/home/runner/actions-runner/_work/test-runners-2-azure-arm64-postgresql-operator/test-runners-2-azure-arm64-postgresql-operator/.tox/integration/lib/python3.10/site-packages/pytest_asyncio/plugin.py\", line 529, in inner\n    _loop.run_until_complete(task)\n  File \"/usr/lib/python3.10/asyncio/base_events.py\", line 649, in run_until_complete\n    return future.result()\n  File \"/home/runner/actions-runner/_work/test-runners-2-azure-arm64-postgresql-operator/test-runners-2-azure-arm64-postgresql-operator/tests/integration/test_password_rotation.py\", line 44, in test_deploy_active\n    await ops_test.model.wait_for_idle(apps=[APP_NAME], status=\"active\", timeout=1500)\n  File \"/home/runner/actions-runner/_work/test-runners-2-azure-arm64-postgresql-operator/test-runners-2-azure-arm64-postgresql-operator/.tox/integration/lib/python3.10/site-packages/juju/model.py\", line 2963, in wait_for_idle\n    _raise_for_status(errors, \"error\")\n  File \"/home/runner/actions-runner/_work/test-runners-2-azure-arm64-postgresql-operator/test-runners-2-azure-arm64-postgresql-operator/.tox/integration/lib/python3.10/site-packages/juju/model.py\", line 2869, in _raise_for_status\n    raise error_type(\"{}{} in {}: {}\".format(\njuju.errors.JujuUnitError: Unit in error: postgresql/1","flaky":false,"newFailed":false,"newBroken":false,"newPassed":false,"retriesCount":1,"retriesStatusChange":true,"beforeStages":[{"name":"ops_test","time":{"start":1729128784999,"stop":1729128785218,"duration":219},"status":"passed","steps":[],"attachments":[],"parameters":[],"stepsCount":0,"shouldDisplayMessage":false,"attachmentsCount":0,"hasContent":false,"attachmentStep":false},{"name":"tmp_path_factory","time":{"start":1729128784999,"stop":1729128784999,"duration":0},"status":"passed","steps":[],"attachments":[],"parameters":[],"stepsCount":0,"shouldDisplayMessage":false,"attachmentsCount":0,"hasContent":false,"attachmentStep":false},{"name":"event_loop","time":{"start":1729128784999,"stop":1729128784999,"duration":0},"status":"passed","steps":[],"attachments":[],"parameters":[],"stepsCount":0,"shouldDisplayMessage":false,"attachmentsCount":0,"hasContent":false,"attachmentStep":false},{"name":"abort_on_fail","time":{"start":1729128785218,"stop":1729128785218,"duration":0},"status":"passed","steps":[],"attachments":[],"parameters":[],"stepsCount":0,"shouldDisplayMessage":false,"attachmentsCount":0,"hasContent":false,"attachmentStep":false}],"testStage":{"description":"Build the charm and deploy it.","status":"broken","statusMessage":"juju.errors.JujuUnitError: Unit in error: postgresql/1","statusTrace":"Traceback (most recent call last):\n  File \"/home/runner/actions-runner/_work/test-runners-2-azure-arm64-postgresql-operator/test-runners-2-azure-arm64-postgresql-operator/.tox/integration/lib/python3.10/site-packages/_pytest/runner.py\", line 341, in from_call\n    result: TResult | None = func()\n  File \"/home/runner/actions-runner/_work/test-runners-2-azure-arm64-postgresql-operator/test-runners-2-azure-arm64-postgresql-operator/.tox/integration/lib/python3.10/site-packages/_pytest/runner.py\", line 242, in <lambda>\n    lambda: runtest_hook(item=item, **kwds), when=when, reraise=reraise\n  File \"/home/runner/actions-runner/_work/test-runners-2-azure-arm64-postgresql-operator/test-runners-2-azure-arm64-postgresql-operator/.tox/integration/lib/python3.10/site-packages/pluggy/_hooks.py\", line 513, in __call__\n    return self._hookexec(self.name, self._hookimpls.copy(), kwargs, firstresult)\n  File \"/home/runner/actions-runner/_work/test-runners-2-azure-arm64-postgresql-operator/test-runners-2-azure-arm64-postgresql-operator/.tox/integration/lib/python3.10/site-packages/pluggy/_manager.py\", line 120, in _hookexec\n    return self._inner_hookexec(hook_name, methods, kwargs, firstresult)\n  File \"/home/runner/actions-runner/_work/test-runners-2-azure-arm64-postgresql-operator/test-runners-2-azure-arm64-postgresql-operator/.tox/integration/lib/python3.10/site-packages/pluggy/_callers.py\", line 182, in _multicall\n    return outcome.get_result()\n  File \"/home/runner/actions-runner/_work/test-runners-2-azure-arm64-postgresql-operator/test-runners-2-azure-arm64-postgresql-operator/.tox/integration/lib/python3.10/site-packages/pluggy/_result.py\", line 100, in get_result\n    raise exc.with_traceback(exc.__traceback__)\n  File \"/home/runner/actions-runner/_work/test-runners-2-azure-arm64-postgresql-operator/test-runners-2-azure-arm64-postgresql-operator/.tox/integration/lib/python3.10/site-packages/pluggy/_callers.py\", line 167, in _multicall\n    teardown.throw(outcome._exception)\n  File \"/home/runner/actions-runner/_work/test-runners-2-azure-arm64-postgresql-operator/test-runners-2-azure-arm64-postgresql-operator/.tox/integration/lib/python3.10/site-packages/_pytest/threadexception.py\", line 92, in pytest_runtest_call\n    yield from thread_exception_runtest_hook()\n  File \"/home/runner/actions-runner/_work/test-runners-2-azure-arm64-postgresql-operator/test-runners-2-azure-arm64-postgresql-operator/.tox/integration/lib/python3.10/site-packages/_pytest/threadexception.py\", line 68, in thread_exception_runtest_hook\n    yield\n  File \"/home/runner/actions-runner/_work/test-runners-2-azure-arm64-postgresql-operator/test-runners-2-azure-arm64-postgresql-operator/.tox/integration/lib/python3.10/site-packages/pluggy/_callers.py\", line 167, in _multicall\n    teardown.throw(outcome._exception)\n  File \"/home/runner/actions-runner/_work/test-runners-2-azure-arm64-postgresql-operator/test-runners-2-azure-arm64-postgresql-operator/.tox/integration/lib/python3.10/site-packages/_pytest/unraisableexception.py\", line 95, in pytest_runtest_call\n    yield from unraisable_exception_runtest_hook()\n  File \"/home/runner/actions-runner/_work/test-runners-2-azure-arm64-postgresql-operator/test-runners-2-azure-arm64-postgresql-operator/.tox/integration/lib/python3.10/site-packages/_pytest/unraisableexception.py\", line 70, in unraisable_exception_runtest_hook\n    yield\n  File \"/home/runner/actions-runner/_work/test-runners-2-azure-arm64-postgresql-operator/test-runners-2-azure-arm64-postgresql-operator/.tox/integration/lib/python3.10/site-packages/pluggy/_callers.py\", line 167, in _multicall\n    teardown.throw(outcome._exception)\n  File \"/home/runner/actions-runner/_work/test-runners-2-azure-arm64-postgresql-operator/test-runners-2-azure-arm64-postgresql-operator/.tox/integration/lib/python3.10/site-packages/_pytest/logging.py\", line 846, in pytest_runtest_call\n    yield from self._runtest_for(item, \"call\")\n  File \"/home/runner/actions-runner/_work/test-runners-2-azure-arm64-postgresql-operator/test-runners-2-azure-arm64-postgresql-operator/.tox/integration/lib/python3.10/site-packages/_pytest/logging.py\", line 829, in _runtest_for\n    yield\n  File \"/home/runner/actions-runner/_work/test-runners-2-azure-arm64-postgresql-operator/test-runners-2-azure-arm64-postgresql-operator/.tox/integration/lib/python3.10/site-packages/pluggy/_callers.py\", line 167, in _multicall\n    teardown.throw(outcome._exception)\n  File \"/home/runner/actions-runner/_work/test-runners-2-azure-arm64-postgresql-operator/test-runners-2-azure-arm64-postgresql-operator/.tox/integration/lib/python3.10/site-packages/_pytest/capture.py\", line 880, in pytest_runtest_call\n    return (yield)\n  File \"/home/runner/actions-runner/_work/test-runners-2-azure-arm64-postgresql-operator/test-runners-2-azure-arm64-postgresql-operator/.tox/integration/lib/python3.10/site-packages/pluggy/_callers.py\", line 167, in _multicall\n    teardown.throw(outcome._exception)\n  File \"/home/runner/actions-runner/_work/test-runners-2-azure-arm64-postgresql-operator/test-runners-2-azure-arm64-postgresql-operator/.tox/integration/lib/python3.10/site-packages/_pytest/skipping.py\", line 257, in pytest_runtest_call\n    return (yield)\n  File \"/home/runner/actions-runner/_work/test-runners-2-azure-arm64-postgresql-operator/test-runners-2-azure-arm64-postgresql-operator/.tox/integration/lib/python3.10/site-packages/pluggy/_callers.py\", line 103, in _multicall\n    res = hook_impl.function(*args)\n  File \"/home/runner/actions-runner/_work/test-runners-2-azure-arm64-postgresql-operator/test-runners-2-azure-arm64-postgresql-operator/.tox/integration/lib/python3.10/site-packages/_pytest/runner.py\", line 174, in pytest_runtest_call\n    item.runtest()\n  File \"/home/runner/actions-runner/_work/test-runners-2-azure-arm64-postgresql-operator/test-runners-2-azure-arm64-postgresql-operator/.tox/integration/lib/python3.10/site-packages/_pytest/python.py\", line 1627, in runtest\n    self.ihook.pytest_pyfunc_call(pyfuncitem=self)\n  File \"/home/runner/actions-runner/_work/test-runners-2-azure-arm64-postgresql-operator/test-runners-2-azure-arm64-postgresql-operator/.tox/integration/lib/python3.10/site-packages/pluggy/_hooks.py\", line 513, in __call__\n    return self._hookexec(self.name, self._hookimpls.copy(), kwargs, firstresult)\n  File \"/home/runner/actions-runner/_work/test-runners-2-azure-arm64-postgresql-operator/test-runners-2-azure-arm64-postgresql-operator/.tox/integration/lib/python3.10/site-packages/pluggy/_manager.py\", line 120, in _hookexec\n    return self._inner_hookexec(hook_name, methods, kwargs, firstresult)\n  File \"/home/runner/actions-runner/_work/test-runners-2-azure-arm64-postgresql-operator/test-runners-2-azure-arm64-postgresql-operator/.tox/integration/lib/python3.10/site-packages/pluggy/_callers.py\", line 182, in _multicall\n    return outcome.get_result()\n  File \"/home/runner/actions-runner/_work/test-runners-2-azure-arm64-postgresql-operator/test-runners-2-azure-arm64-postgresql-operator/.tox/integration/lib/python3.10/site-packages/pluggy/_result.py\", line 100, in get_result\n    raise exc.with_traceback(exc.__traceback__)\n  File \"/home/runner/actions-runner/_work/test-runners-2-azure-arm64-postgresql-operator/test-runners-2-azure-arm64-postgresql-operator/.tox/integration/lib/python3.10/site-packages/pluggy/_callers.py\", line 103, in _multicall\n    res = hook_impl.function(*args)\n  File \"/home/runner/actions-runner/_work/test-runners-2-azure-arm64-postgresql-operator/test-runners-2-azure-arm64-postgresql-operator/.tox/integration/lib/python3.10/site-packages/_pytest/python.py\", line 159, in pytest_pyfunc_call\n    result = testfunction(**testargs)\n  File \"/home/runner/actions-runner/_work/test-runners-2-azure-arm64-postgresql-operator/test-runners-2-azure-arm64-postgresql-operator/.tox/integration/lib/python3.10/site-packages/pytest_asyncio/plugin.py\", line 529, in inner\n    _loop.run_until_complete(task)\n  File \"/usr/lib/python3.10/asyncio/base_events.py\", line 649, in run_until_complete\n    return future.result()\n  File \"/home/runner/actions-runner/_work/test-runners-2-azure-arm64-postgresql-operator/test-runners-2-azure-arm64-postgresql-operator/tests/integration/test_password_rotation.py\", line 44, in test_deploy_active\n    await ops_test.model.wait_for_idle(apps=[APP_NAME], status=\"active\", timeout=1500)\n  File \"/home/runner/actions-runner/_work/test-runners-2-azure-arm64-postgresql-operator/test-runners-2-azure-arm64-postgresql-operator/.tox/integration/lib/python3.10/site-packages/juju/model.py\", line 2963, in wait_for_idle\n    _raise_for_status(errors, \"error\")\n  File \"/home/runner/actions-runner/_work/test-runners-2-azure-arm64-postgresql-operator/test-runners-2-azure-arm64-postgresql-operator/.tox/integration/lib/python3.10/site-packages/juju/model.py\", line 2869, in _raise_for_status\n    raise error_type(\"{}{} in {}: {}\".format(\njuju.errors.JujuUnitError: Unit in error: postgresql/1","steps":[],"attachments":[{"uid":"d15ca0fdfcb3344a","name":"log","source":"d15ca0fdfcb3344a.txt","type":"text/plain","size":1363}],"parameters":[],"stepsCount":0,"shouldDisplayMessage":true,"attachmentsCount":1,"hasContent":true,"attachmentStep":false},"afterStages":[{"name":"abort_on_fail::0","time":{"start":1729128937392,"stop":1729128937392,"duration":0},"status":"passed","steps":[],"attachments":[],"parameters":[],"stepsCount":0,"shouldDisplayMessage":false,"attachmentsCount":0,"hasContent":false,"attachmentStep":false},{"name":"ops_test::finalizer","time":{"start":1729128937413,"stop":1729128937802,"duration":389},"status":"passed","steps":[],"attachments":[],"parameters":[],"stepsCount":0,"shouldDisplayMessage":false,"attachmentsCount":0,"hasContent":false,"attachmentStep":false},{"name":"event_loop::2","time":{"start":1729128937803,"stop":1729128937803,"duration":0},"status":"passed","steps":[],"attachments":[],"parameters":[],"stepsCount":0,"shouldDisplayMessage":false,"attachmentsCount":0,"hasContent":false,"attachmentStep":false},{"name":"event_loop::_close_event_loop","time":{"start":1729128937803,"stop":1729128937803,"duration":0},"status":"passed","steps":[],"attachments":[],"parameters":[],"stepsCount":0,"shouldDisplayMessage":false,"attachmentsCount":0,"hasContent":false,"attachmentStep":false},{"name":"event_loop::_provide_clean_event_loop","time":{"start":1729128937803,"stop":1729128937803,"duration":0},"status":"passed","steps":[],"attachments":[],"parameters":[],"stepsCount":0,"shouldDisplayMessage":false,"attachmentsCount":0,"hasContent":false,"attachmentStep":false}],"labels":[{"name":"tag","value":"skip_if_deployed"},{"name":"tag","value":"abort_on_fail"},{"name":"tag","value":"group(1)"},{"name":"tag","value":"asyncio"},{"name":"parentSuite","value":"tests.integration"},{"name":"suite","value":"test_password_rotation"},{"name":"host","value":"runner"},{"name":"thread","value":"17583-MainThread"},{"name":"framework","value":"pytest"},{"name":"language","value":"cpython3"},{"name":"package","value":"tests.integration.test_password_rotation"},{"name":"resultFormat","value":"allure2"}],"parameters":[],"links":[],"hidden":false,"retry":false,"extra":{"severity":"normal","retries":[{"uid":"508c44f5ec2d98d0","status":"unknown","time":{}}],"categories":[{"name":"Test defects","matchedStatuses":[],"flaky":false}],"history":{"statistic":{"failed":0,"broken":3,"skipped":0,"passed":33,"unknown":0,"total":36},"items":[{"uid":"47ae682ec0b04bce","reportUrl":"../112//#testresult/47ae682ec0b04bce","status":"broken","statusDetails":"juju.errors.JujuUnitError: Unit in error: postgresql/0","time":{"start":1729042481045,"stop":1729042619604,"duration":138559}},{"uid":"1933039c4c508788","reportUrl":"../111//#testresult/1933039c4c508788","status":"passed","time":{"start":1728955924379,"stop":1728956479917,"duration":555538}},{"uid":"63d6202d2244b1dd","reportUrl":"../110//#testresult/63d6202d2244b1dd","status":"passed","time":{"start":1728869691048,"stop":1728870234220,"duration":543172}},{"uid":"97a60fe23d7add45","reportUrl":"../109//#testresult/97a60fe23d7add45","status":"passed","time":{"start":1728783134746,"stop":1728783679949,"duration":545203}},{"uid":"4635e8d0238aeda","reportUrl":"../108//#testresult/4635e8d0238aeda","status":"passed","time":{"start":1728696748318,"stop":1728697281750,"duration":533432}},{"uid":"384fdb114bd03653","reportUrl":"../107//#testresult/384fdb114bd03653","status":"passed","time":{"start":1728610257281,"stop":1728610781921,"duration":524640}},{"uid":"cdbea9b876cc02a0","reportUrl":"../105//#testresult/cdbea9b876cc02a0","status":"passed","time":{"start":1728437619498,"stop":1728438145792,"duration":526294}},{"uid":"76e6b8f6d5ac6122","reportUrl":"../104//#testresult/76e6b8f6d5ac6122","status":"broken","statusDetails":"juju.errors.JujuUnitError: Unit in error: postgresql/2","time":{"start":1728351068386,"stop":1728351225444,"duration":157058}},{"uid":"d905917940175aa7","reportUrl":"../103//#testresult/d905917940175aa7","status":"passed","time":{"start":1728264823619,"stop":1728265352223,"duration":528604}},{"uid":"949528c66c456f5d","reportUrl":"../102//#testresult/949528c66c456f5d","status":"passed","time":{"start":1728178334035,"stop":1728178875178,"duration":541143}},{"uid":"4d20d43d0650c5cf","reportUrl":"../101//#testresult/4d20d43d0650c5cf","status":"passed","time":{"start":1728091857809,"stop":1728092398791,"duration":540982}},{"uid":"214128cffadaf23a","reportUrl":"../100//#testresult/214128cffadaf23a","status":"passed","time":{"start":1728005550717,"stop":1728006102205,"duration":551488}},{"uid":"2677460f24dc1d34","reportUrl":"../99//#testresult/2677460f24dc1d34","status":"passed","time":{"start":1727919124780,"stop":1727919657364,"duration":532584}},{"uid":"b1b1d1b84bd24562","reportUrl":"../98//#testresult/b1b1d1b84bd24562","status":"passed","time":{"start":1727832731210,"stop":1727833256262,"duration":525052}},{"uid":"bd9097459efda1b8","reportUrl":"../97//#testresult/bd9097459efda1b8","status":"passed","time":{"start":1727746359101,"stop":1727746897159,"duration":538058}},{"uid":"ff87e74de77deafa","reportUrl":"../96//#testresult/ff87e74de77deafa","status":"passed","time":{"start":1727659957150,"stop":1727660497902,"duration":540752}},{"uid":"f33207cf78fac8e","reportUrl":"../95//#testresult/f33207cf78fac8e","status":"passed","time":{"start":1727573547092,"stop":1727574070139,"duration":523047}},{"uid":"588efabee0d28a32","reportUrl":"../94//#testresult/588efabee0d28a32","status":"passed","time":{"start":1727487083370,"stop":1727487639689,"duration":556319}},{"uid":"b0070aeefb641f5a","reportUrl":"../93//#testresult/b0070aeefb641f5a","status":"passed","time":{"start":1727400754848,"stop":1727401278134,"duration":523286}},{"uid":"948bd9fc7462b5d","reportUrl":"../92//#testresult/948bd9fc7462b5d","status":"passed","time":{"start":1727314461071,"stop":1727314990925,"duration":529854}}]},"tags":["skip_if_deployed","asyncio","abort_on_fail","group(1)"]},"source":"f7ec4aaa462bce31.json","parameterValues":[]}