[32mINFO    [0m pytest_operator.plugin:plugin.py:903 Model status:

Model  Controller           Cloud/Region         Version  SLA          Timestamp
test   localhost-localhost  localhost/localhost  3.4.5    unsupported  01:55:50Z

App                   Version  Status  Scale  Charm                Channel        Rev  Exposed  Message
mailman3-core                  active      1  mailman3-core        latest/stable   27  no       Ready (source version/commit e1d5a03)
postgresql            14.13    active      2  postgresql                            0  no       
postgresql-test-app            active      1  postgresql-test-app  latest/edge    255  no       
postgresql-test-app2           active      1  postgresql-test-app  latest/edge    255  no       

Unit                     Workload  Agent      Machine  Public address  Ports     Message
mailman3-core/0*         active    idle       2        10.214.118.99   25/tcp    Ready (source version/commit e1d5a03)
postgresql-test-app2/0*  active    executing  6        10.214.118.196            
postgresql-test-app/0*   active    executing  5        10.214.118.110            
postgresql/2*            blocked   executing  3        10.214.118.200  5432/tcp  extensions requested through relation, enable them through config options
postgresql/3             active    executing  4        10.214.118.100  5432/tcp  

Machine  State    Address         Inst id        Base          AZ  Message
2        started  10.214.118.99   juju-0663a5-2  ubuntu@20.04      Running
3        started  10.214.118.200  juju-0663a5-3  ubuntu@22.04      Running
4        started  10.214.118.100  juju-0663a5-4  ubuntu@22.04      Running
5        started  10.214.118.110  juju-0663a5-5  ubuntu@22.04      Running
6        started  10.214.118.196  juju-0663a5-6  ubuntu@22.04      Running

[32mINFO    [0m pytest_operator.plugin:plugin.py:909 Juju error logs:

machine-1: 01:34:20 ERROR juju.worker.dependency "kvm-container-provisioner" manifold worker returned unexpected error: container types not yet available
machine-1: 01:34:20 ERROR juju.worker.dependency "lxd-container-provisioner" manifold worker returned unexpected error: container types not yet available
machine-0: 01:34:20 ERROR juju.worker.dependency "kvm-container-provisioner" manifold worker returned unexpected error: container types not yet available
machine-0: 01:34:20 ERROR juju.worker.dependency "lxd-container-provisioner" manifold worker returned unexpected error: container types not yet available
unit-postgresql-1: 01:34:20 ERROR juju.worker.meterstatus error running "meter-status-changed": charm missing from disk
unit-postgresql-0: 01:34:20 ERROR juju.worker.meterstatus error running "meter-status-changed": charm missing from disk
machine-2: 01:39:04 ERROR juju.worker.dependency "kvm-container-provisioner" manifold worker returned unexpected error: container types not yet available
machine-2: 01:39:04 ERROR juju.worker.dependency "lxd-container-provisioner" manifold worker returned unexpected error: container types not yet available
unit-mailman3-core-0: 01:39:04 ERROR juju.worker.meterstatus error running "meter-status-changed": charm missing from disk
machine-4: 01:45:22 ERROR juju.worker.dependency "lxd-container-provisioner" manifold worker returned unexpected error: container types not yet available
machine-4: 01:45:22 ERROR juju.worker.dependency "kvm-container-provisioner" manifold worker returned unexpected error: container types not yet available
unit-postgresql-3: 01:45:22 ERROR juju.worker.meterstatus error running "meter-status-changed": charm missing from disk
machine-3: 01:45:25 ERROR juju.worker.dependency "lxd-container-provisioner" manifold worker returned unexpected error: container types not yet available
machine-3: 01:45:25 ERROR juju.worker.dependency "kvm-container-provisioner" manifold worker returned unexpected error: container types not yet available
unit-postgresql-2: 01:45:25 ERROR juju.worker.meterstatus error running "meter-status-changed": charm missing from disk
unit-postgresql-1: 01:51:01 ERROR unit.postgresql/1.juju-log Failed to get PostgreSQL version: connection to server at "10.214.118.72", port 5432 failed: Connection refused
	Is the server running on that host and accepting TCP/IP connections?

unit-postgresql-1: 01:51:01 ERROR unit.postgresql/1.juju-log Failed to retrieve the PostgreSQL version to initialise/update db relation
Traceback (most recent call last):
  File "/var/lib/juju/agents/unit-postgresql-1/charm/lib/charms/postgresql_k8s/v0/postgresql.py", line 459, in get_postgresql_version
    with self._connect_to_database(
  File "/var/lib/juju/agents/unit-postgresql-1/charm/lib/charms/tempo_k8s/v1/charm_tracing.py", line 735, in wrapped_function
    return callable(*args, **kwargs)  # type: ignore
  File "/var/lib/juju/agents/unit-postgresql-1/charm/lib/charms/postgresql_k8s/v0/postgresql.py", line 150, in _connect_to_database
    connection = psycopg2.connect(
  File "/var/lib/juju/agents/unit-postgresql-1/charm/venv/psycopg2/__init__.py", line 122, in connect
    conn = _connect(dsn, connection_factory=connection_factory, **kwasync)
psycopg2.OperationalError: connection to server at "10.214.118.72", port 5432 failed: Connection refused
	Is the server running on that host and accepting TCP/IP connections?


During handling of the above exception, another exception occurred:

Traceback (most recent call last):
  File "/var/lib/juju/agents/unit-postgresql-1/charm/src/relations/db.py", line 320, in update_endpoints
    postgresql_version = self.charm.postgresql.get_postgresql_version()
  File "/var/lib/juju/agents/unit-postgresql-1/charm/lib/charms/tempo_k8s/v1/charm_tracing.py", line 735, in wrapped_function
    return callable(*args, **kwargs)  # type: ignore
  File "/var/lib/juju/agents/unit-postgresql-1/charm/lib/charms/postgresql_k8s/v0/postgresql.py", line 467, in get_postgresql_version
    raise PostgreSQLGetPostgreSQLVersionError()
charms.postgresql_k8s.v0.postgresql.PostgreSQLGetPostgreSQLVersionError
machine-5: 01:54:42 ERROR juju.worker.dependency "kvm-container-provisioner" manifold worker returned unexpected error: container types not yet available
machine-5: 01:54:42 ERROR juju.worker.dependency "lxd-container-provisioner" manifold worker returned unexpected error: container types not yet available
unit-postgresql-test-app-0: 01:54:42 ERROR juju.worker.meterstatus error running "meter-status-changed": charm missing from disk
machine-6: 01:54:44 ERROR juju.worker.dependency "lxd-container-provisioner" manifold worker returned unexpected error: container types not yet available
machine-6: 01:54:44 ERROR juju.worker.dependency "kvm-container-provisioner" manifold worker returned unexpected error: container types not yet available
unit-postgresql-test-app2-0: 01:54:44 ERROR juju.worker.meterstatus error running "meter-status-changed": charm missing from disk
unit-postgresql-test-app2-0: 01:55:10 ERROR juju.worker.dependency "uniter" manifold worker returned unexpected error: relation scope id "767f2aef-3151-44f4-817e-d93e550663a5:r#6#postgresql": settings 767f2aef-3151-44f4-817e-d93e550663a5:r#6#postgresql not found (not found)
unit-postgresql-3: 01:55:10 ERROR juju.worker.dependency "uniter" manifold worker returned unexpected error: relation scope id "767f2aef-3151-44f4-817e-d93e550663a5:r#6#postgresql-test-app2": settings 767f2aef-3151-44f4-817e-d93e550663a5:r#6#postgresql-test-app2 not found (not found)
unit-postgresql-2: 01:55:10 ERROR juju.worker.dependency "uniter" manifold worker returned unexpected error: relation scope id "767f2aef-3151-44f4-817e-d93e550663a5:r#6#postgresql-test-app2": settings 767f2aef-3151-44f4-817e-d93e550663a5:r#6#postgresql-test-app2 not found (not found)

[32mINFO    [0m pytest_operator.plugin:plugin.py:991 Forgetting model main...