{"uid":"76e6b8f6d5ac6122","name":"test_deploy_active","fullName":"tests.integration.test_password_rotation#test_deploy_active","historyId":"7731bff68b9acca2f27c79bc5db0a391","time":{"start":1728351068386,"stop":1728351225444,"duration":157058},"description":"Build the charm and deploy it.","descriptionHtml":"<p>Build the charm and deploy it.</p>\n","status":"broken","statusMessage":"juju.errors.JujuUnitError: Unit in error: postgresql/2","statusTrace":"Traceback (most recent call last):\n  File \"/home/runner/actions-runner/_work/test-runners-2-azure-arm64-postgresql-operator/test-runners-2-azure-arm64-postgresql-operator/.tox/integration/lib/python3.10/site-packages/_pytest/runner.py\", line 341, in from_call\n    result: TResult | None = func()\n  File \"/home/runner/actions-runner/_work/test-runners-2-azure-arm64-postgresql-operator/test-runners-2-azure-arm64-postgresql-operator/.tox/integration/lib/python3.10/site-packages/_pytest/runner.py\", line 242, in <lambda>\n    lambda: runtest_hook(item=item, **kwds), when=when, reraise=reraise\n  File \"/home/runner/actions-runner/_work/test-runners-2-azure-arm64-postgresql-operator/test-runners-2-azure-arm64-postgresql-operator/.tox/integration/lib/python3.10/site-packages/pluggy/_hooks.py\", line 513, in __call__\n    return self._hookexec(self.name, self._hookimpls.copy(), kwargs, firstresult)\n  File \"/home/runner/actions-runner/_work/test-runners-2-azure-arm64-postgresql-operator/test-runners-2-azure-arm64-postgresql-operator/.tox/integration/lib/python3.10/site-packages/pluggy/_manager.py\", line 120, in _hookexec\n    return self._inner_hookexec(hook_name, methods, kwargs, firstresult)\n  File \"/home/runner/actions-runner/_work/test-runners-2-azure-arm64-postgresql-operator/test-runners-2-azure-arm64-postgresql-operator/.tox/integration/lib/python3.10/site-packages/pluggy/_callers.py\", line 182, in _multicall\n    return outcome.get_result()\n  File \"/home/runner/actions-runner/_work/test-runners-2-azure-arm64-postgresql-operator/test-runners-2-azure-arm64-postgresql-operator/.tox/integration/lib/python3.10/site-packages/pluggy/_result.py\", line 100, in get_result\n    raise exc.with_traceback(exc.__traceback__)\n  File \"/home/runner/actions-runner/_work/test-runners-2-azure-arm64-postgresql-operator/test-runners-2-azure-arm64-postgresql-operator/.tox/integration/lib/python3.10/site-packages/pluggy/_callers.py\", line 167, in _multicall\n    teardown.throw(outcome._exception)\n  File \"/home/runner/actions-runner/_work/test-runners-2-azure-arm64-postgresql-operator/test-runners-2-azure-arm64-postgresql-operator/.tox/integration/lib/python3.10/site-packages/_pytest/threadexception.py\", line 92, in pytest_runtest_call\n    yield from thread_exception_runtest_hook()\n  File \"/home/runner/actions-runner/_work/test-runners-2-azure-arm64-postgresql-operator/test-runners-2-azure-arm64-postgresql-operator/.tox/integration/lib/python3.10/site-packages/_pytest/threadexception.py\", line 68, in thread_exception_runtest_hook\n    yield\n  File \"/home/runner/actions-runner/_work/test-runners-2-azure-arm64-postgresql-operator/test-runners-2-azure-arm64-postgresql-operator/.tox/integration/lib/python3.10/site-packages/pluggy/_callers.py\", line 167, in _multicall\n    teardown.throw(outcome._exception)\n  File \"/home/runner/actions-runner/_work/test-runners-2-azure-arm64-postgresql-operator/test-runners-2-azure-arm64-postgresql-operator/.tox/integration/lib/python3.10/site-packages/_pytest/unraisableexception.py\", line 95, in pytest_runtest_call\n    yield from unraisable_exception_runtest_hook()\n  File \"/home/runner/actions-runner/_work/test-runners-2-azure-arm64-postgresql-operator/test-runners-2-azure-arm64-postgresql-operator/.tox/integration/lib/python3.10/site-packages/_pytest/unraisableexception.py\", line 70, in unraisable_exception_runtest_hook\n    yield\n  File \"/home/runner/actions-runner/_work/test-runners-2-azure-arm64-postgresql-operator/test-runners-2-azure-arm64-postgresql-operator/.tox/integration/lib/python3.10/site-packages/pluggy/_callers.py\", line 167, in _multicall\n    teardown.throw(outcome._exception)\n  File \"/home/runner/actions-runner/_work/test-runners-2-azure-arm64-postgresql-operator/test-runners-2-azure-arm64-postgresql-operator/.tox/integration/lib/python3.10/site-packages/_pytest/logging.py\", line 846, in pytest_runtest_call\n    yield from self._runtest_for(item, \"call\")\n  File \"/home/runner/actions-runner/_work/test-runners-2-azure-arm64-postgresql-operator/test-runners-2-azure-arm64-postgresql-operator/.tox/integration/lib/python3.10/site-packages/_pytest/logging.py\", line 829, in _runtest_for\n    yield\n  File \"/home/runner/actions-runner/_work/test-runners-2-azure-arm64-postgresql-operator/test-runners-2-azure-arm64-postgresql-operator/.tox/integration/lib/python3.10/site-packages/pluggy/_callers.py\", line 167, in _multicall\n    teardown.throw(outcome._exception)\n  File \"/home/runner/actions-runner/_work/test-runners-2-azure-arm64-postgresql-operator/test-runners-2-azure-arm64-postgresql-operator/.tox/integration/lib/python3.10/site-packages/_pytest/capture.py\", line 880, in pytest_runtest_call\n    return (yield)\n  File \"/home/runner/actions-runner/_work/test-runners-2-azure-arm64-postgresql-operator/test-runners-2-azure-arm64-postgresql-operator/.tox/integration/lib/python3.10/site-packages/pluggy/_callers.py\", line 167, in _multicall\n    teardown.throw(outcome._exception)\n  File \"/home/runner/actions-runner/_work/test-runners-2-azure-arm64-postgresql-operator/test-runners-2-azure-arm64-postgresql-operator/.tox/integration/lib/python3.10/site-packages/_pytest/skipping.py\", line 257, in pytest_runtest_call\n    return (yield)\n  File \"/home/runner/actions-runner/_work/test-runners-2-azure-arm64-postgresql-operator/test-runners-2-azure-arm64-postgresql-operator/.tox/integration/lib/python3.10/site-packages/pluggy/_callers.py\", line 103, in _multicall\n    res = hook_impl.function(*args)\n  File \"/home/runner/actions-runner/_work/test-runners-2-azure-arm64-postgresql-operator/test-runners-2-azure-arm64-postgresql-operator/.tox/integration/lib/python3.10/site-packages/_pytest/runner.py\", line 174, in pytest_runtest_call\n    item.runtest()\n  File \"/home/runner/actions-runner/_work/test-runners-2-azure-arm64-postgresql-operator/test-runners-2-azure-arm64-postgresql-operator/.tox/integration/lib/python3.10/site-packages/_pytest/python.py\", line 1627, in runtest\n    self.ihook.pytest_pyfunc_call(pyfuncitem=self)\n  File \"/home/runner/actions-runner/_work/test-runners-2-azure-arm64-postgresql-operator/test-runners-2-azure-arm64-postgresql-operator/.tox/integration/lib/python3.10/site-packages/pluggy/_hooks.py\", line 513, in __call__\n    return self._hookexec(self.name, self._hookimpls.copy(), kwargs, firstresult)\n  File \"/home/runner/actions-runner/_work/test-runners-2-azure-arm64-postgresql-operator/test-runners-2-azure-arm64-postgresql-operator/.tox/integration/lib/python3.10/site-packages/pluggy/_manager.py\", line 120, in _hookexec\n    return self._inner_hookexec(hook_name, methods, kwargs, firstresult)\n  File \"/home/runner/actions-runner/_work/test-runners-2-azure-arm64-postgresql-operator/test-runners-2-azure-arm64-postgresql-operator/.tox/integration/lib/python3.10/site-packages/pluggy/_callers.py\", line 182, in _multicall\n    return outcome.get_result()\n  File \"/home/runner/actions-runner/_work/test-runners-2-azure-arm64-postgresql-operator/test-runners-2-azure-arm64-postgresql-operator/.tox/integration/lib/python3.10/site-packages/pluggy/_result.py\", line 100, in get_result\n    raise exc.with_traceback(exc.__traceback__)\n  File \"/home/runner/actions-runner/_work/test-runners-2-azure-arm64-postgresql-operator/test-runners-2-azure-arm64-postgresql-operator/.tox/integration/lib/python3.10/site-packages/pluggy/_callers.py\", line 103, in _multicall\n    res = hook_impl.function(*args)\n  File \"/home/runner/actions-runner/_work/test-runners-2-azure-arm64-postgresql-operator/test-runners-2-azure-arm64-postgresql-operator/.tox/integration/lib/python3.10/site-packages/_pytest/python.py\", line 159, in pytest_pyfunc_call\n    result = testfunction(**testargs)\n  File \"/home/runner/actions-runner/_work/test-runners-2-azure-arm64-postgresql-operator/test-runners-2-azure-arm64-postgresql-operator/.tox/integration/lib/python3.10/site-packages/pytest_asyncio/plugin.py\", line 529, in inner\n    _loop.run_until_complete(task)\n  File \"/usr/lib/python3.10/asyncio/base_events.py\", line 649, in run_until_complete\n    return future.result()\n  File \"/home/runner/actions-runner/_work/test-runners-2-azure-arm64-postgresql-operator/test-runners-2-azure-arm64-postgresql-operator/tests/integration/test_password_rotation.py\", line 44, in test_deploy_active\n    await ops_test.model.wait_for_idle(apps=[APP_NAME], status=\"active\", timeout=1500)\n  File \"/home/runner/actions-runner/_work/test-runners-2-azure-arm64-postgresql-operator/test-runners-2-azure-arm64-postgresql-operator/.tox/integration/lib/python3.10/site-packages/juju/model.py\", line 2963, in wait_for_idle\n    _raise_for_status(errors, \"error\")\n  File \"/home/runner/actions-runner/_work/test-runners-2-azure-arm64-postgresql-operator/test-runners-2-azure-arm64-postgresql-operator/.tox/integration/lib/python3.10/site-packages/juju/model.py\", line 2869, in _raise_for_status\n    raise error_type(\"{}{} in {}: {}\".format(\njuju.errors.JujuUnitError: Unit in error: postgresql/2","flaky":false,"newFailed":false,"newBroken":true,"newPassed":false,"retriesCount":1,"retriesStatusChange":true,"beforeStages":[{"name":"event_loop","time":{"start":1728351068168,"stop":1728351068169,"duration":1},"status":"passed","steps":[],"attachments":[],"parameters":[],"stepsCount":0,"shouldDisplayMessage":false,"attachmentsCount":0,"hasContent":false,"attachmentStep":false},{"name":"ops_test","time":{"start":1728351068169,"stop":1728351068385,"duration":216},"status":"passed","steps":[],"attachments":[],"parameters":[],"stepsCount":0,"shouldDisplayMessage":false,"attachmentsCount":0,"hasContent":false,"attachmentStep":false},{"name":"tmp_path_factory","time":{"start":1728351068169,"stop":1728351068169,"duration":0},"status":"passed","steps":[],"attachments":[],"parameters":[],"stepsCount":0,"shouldDisplayMessage":false,"attachmentsCount":0,"hasContent":false,"attachmentStep":false},{"name":"abort_on_fail","time":{"start":1728351068385,"stop":1728351068385,"duration":0},"status":"passed","steps":[],"attachments":[],"parameters":[],"stepsCount":0,"shouldDisplayMessage":false,"attachmentsCount":0,"hasContent":false,"attachmentStep":false}],"testStage":{"description":"Build the charm and deploy it.","status":"broken","statusMessage":"juju.errors.JujuUnitError: Unit in error: postgresql/2","statusTrace":"Traceback (most recent call last):\n  File \"/home/runner/actions-runner/_work/test-runners-2-azure-arm64-postgresql-operator/test-runners-2-azure-arm64-postgresql-operator/.tox/integration/lib/python3.10/site-packages/_pytest/runner.py\", line 341, in from_call\n    result: TResult | None = func()\n  File \"/home/runner/actions-runner/_work/test-runners-2-azure-arm64-postgresql-operator/test-runners-2-azure-arm64-postgresql-operator/.tox/integration/lib/python3.10/site-packages/_pytest/runner.py\", line 242, in <lambda>\n    lambda: runtest_hook(item=item, **kwds), when=when, reraise=reraise\n  File \"/home/runner/actions-runner/_work/test-runners-2-azure-arm64-postgresql-operator/test-runners-2-azure-arm64-postgresql-operator/.tox/integration/lib/python3.10/site-packages/pluggy/_hooks.py\", line 513, in __call__\n    return self._hookexec(self.name, self._hookimpls.copy(), kwargs, firstresult)\n  File \"/home/runner/actions-runner/_work/test-runners-2-azure-arm64-postgresql-operator/test-runners-2-azure-arm64-postgresql-operator/.tox/integration/lib/python3.10/site-packages/pluggy/_manager.py\", line 120, in _hookexec\n    return self._inner_hookexec(hook_name, methods, kwargs, firstresult)\n  File \"/home/runner/actions-runner/_work/test-runners-2-azure-arm64-postgresql-operator/test-runners-2-azure-arm64-postgresql-operator/.tox/integration/lib/python3.10/site-packages/pluggy/_callers.py\", line 182, in _multicall\n    return outcome.get_result()\n  File \"/home/runner/actions-runner/_work/test-runners-2-azure-arm64-postgresql-operator/test-runners-2-azure-arm64-postgresql-operator/.tox/integration/lib/python3.10/site-packages/pluggy/_result.py\", line 100, in get_result\n    raise exc.with_traceback(exc.__traceback__)\n  File \"/home/runner/actions-runner/_work/test-runners-2-azure-arm64-postgresql-operator/test-runners-2-azure-arm64-postgresql-operator/.tox/integration/lib/python3.10/site-packages/pluggy/_callers.py\", line 167, in _multicall\n    teardown.throw(outcome._exception)\n  File \"/home/runner/actions-runner/_work/test-runners-2-azure-arm64-postgresql-operator/test-runners-2-azure-arm64-postgresql-operator/.tox/integration/lib/python3.10/site-packages/_pytest/threadexception.py\", line 92, in pytest_runtest_call\n    yield from thread_exception_runtest_hook()\n  File \"/home/runner/actions-runner/_work/test-runners-2-azure-arm64-postgresql-operator/test-runners-2-azure-arm64-postgresql-operator/.tox/integration/lib/python3.10/site-packages/_pytest/threadexception.py\", line 68, in thread_exception_runtest_hook\n    yield\n  File \"/home/runner/actions-runner/_work/test-runners-2-azure-arm64-postgresql-operator/test-runners-2-azure-arm64-postgresql-operator/.tox/integration/lib/python3.10/site-packages/pluggy/_callers.py\", line 167, in _multicall\n    teardown.throw(outcome._exception)\n  File \"/home/runner/actions-runner/_work/test-runners-2-azure-arm64-postgresql-operator/test-runners-2-azure-arm64-postgresql-operator/.tox/integration/lib/python3.10/site-packages/_pytest/unraisableexception.py\", line 95, in pytest_runtest_call\n    yield from unraisable_exception_runtest_hook()\n  File \"/home/runner/actions-runner/_work/test-runners-2-azure-arm64-postgresql-operator/test-runners-2-azure-arm64-postgresql-operator/.tox/integration/lib/python3.10/site-packages/_pytest/unraisableexception.py\", line 70, in unraisable_exception_runtest_hook\n    yield\n  File \"/home/runner/actions-runner/_work/test-runners-2-azure-arm64-postgresql-operator/test-runners-2-azure-arm64-postgresql-operator/.tox/integration/lib/python3.10/site-packages/pluggy/_callers.py\", line 167, in _multicall\n    teardown.throw(outcome._exception)\n  File \"/home/runner/actions-runner/_work/test-runners-2-azure-arm64-postgresql-operator/test-runners-2-azure-arm64-postgresql-operator/.tox/integration/lib/python3.10/site-packages/_pytest/logging.py\", line 846, in pytest_runtest_call\n    yield from self._runtest_for(item, \"call\")\n  File \"/home/runner/actions-runner/_work/test-runners-2-azure-arm64-postgresql-operator/test-runners-2-azure-arm64-postgresql-operator/.tox/integration/lib/python3.10/site-packages/_pytest/logging.py\", line 829, in _runtest_for\n    yield\n  File \"/home/runner/actions-runner/_work/test-runners-2-azure-arm64-postgresql-operator/test-runners-2-azure-arm64-postgresql-operator/.tox/integration/lib/python3.10/site-packages/pluggy/_callers.py\", line 167, in _multicall\n    teardown.throw(outcome._exception)\n  File \"/home/runner/actions-runner/_work/test-runners-2-azure-arm64-postgresql-operator/test-runners-2-azure-arm64-postgresql-operator/.tox/integration/lib/python3.10/site-packages/_pytest/capture.py\", line 880, in pytest_runtest_call\n    return (yield)\n  File \"/home/runner/actions-runner/_work/test-runners-2-azure-arm64-postgresql-operator/test-runners-2-azure-arm64-postgresql-operator/.tox/integration/lib/python3.10/site-packages/pluggy/_callers.py\", line 167, in _multicall\n    teardown.throw(outcome._exception)\n  File \"/home/runner/actions-runner/_work/test-runners-2-azure-arm64-postgresql-operator/test-runners-2-azure-arm64-postgresql-operator/.tox/integration/lib/python3.10/site-packages/_pytest/skipping.py\", line 257, in pytest_runtest_call\n    return (yield)\n  File \"/home/runner/actions-runner/_work/test-runners-2-azure-arm64-postgresql-operator/test-runners-2-azure-arm64-postgresql-operator/.tox/integration/lib/python3.10/site-packages/pluggy/_callers.py\", line 103, in _multicall\n    res = hook_impl.function(*args)\n  File \"/home/runner/actions-runner/_work/test-runners-2-azure-arm64-postgresql-operator/test-runners-2-azure-arm64-postgresql-operator/.tox/integration/lib/python3.10/site-packages/_pytest/runner.py\", line 174, in pytest_runtest_call\n    item.runtest()\n  File \"/home/runner/actions-runner/_work/test-runners-2-azure-arm64-postgresql-operator/test-runners-2-azure-arm64-postgresql-operator/.tox/integration/lib/python3.10/site-packages/_pytest/python.py\", line 1627, in runtest\n    self.ihook.pytest_pyfunc_call(pyfuncitem=self)\n  File \"/home/runner/actions-runner/_work/test-runners-2-azure-arm64-postgresql-operator/test-runners-2-azure-arm64-postgresql-operator/.tox/integration/lib/python3.10/site-packages/pluggy/_hooks.py\", line 513, in __call__\n    return self._hookexec(self.name, self._hookimpls.copy(), kwargs, firstresult)\n  File \"/home/runner/actions-runner/_work/test-runners-2-azure-arm64-postgresql-operator/test-runners-2-azure-arm64-postgresql-operator/.tox/integration/lib/python3.10/site-packages/pluggy/_manager.py\", line 120, in _hookexec\n    return self._inner_hookexec(hook_name, methods, kwargs, firstresult)\n  File \"/home/runner/actions-runner/_work/test-runners-2-azure-arm64-postgresql-operator/test-runners-2-azure-arm64-postgresql-operator/.tox/integration/lib/python3.10/site-packages/pluggy/_callers.py\", line 182, in _multicall\n    return outcome.get_result()\n  File \"/home/runner/actions-runner/_work/test-runners-2-azure-arm64-postgresql-operator/test-runners-2-azure-arm64-postgresql-operator/.tox/integration/lib/python3.10/site-packages/pluggy/_result.py\", line 100, in get_result\n    raise exc.with_traceback(exc.__traceback__)\n  File \"/home/runner/actions-runner/_work/test-runners-2-azure-arm64-postgresql-operator/test-runners-2-azure-arm64-postgresql-operator/.tox/integration/lib/python3.10/site-packages/pluggy/_callers.py\", line 103, in _multicall\n    res = hook_impl.function(*args)\n  File \"/home/runner/actions-runner/_work/test-runners-2-azure-arm64-postgresql-operator/test-runners-2-azure-arm64-postgresql-operator/.tox/integration/lib/python3.10/site-packages/_pytest/python.py\", line 159, in pytest_pyfunc_call\n    result = testfunction(**testargs)\n  File \"/home/runner/actions-runner/_work/test-runners-2-azure-arm64-postgresql-operator/test-runners-2-azure-arm64-postgresql-operator/.tox/integration/lib/python3.10/site-packages/pytest_asyncio/plugin.py\", line 529, in inner\n    _loop.run_until_complete(task)\n  File \"/usr/lib/python3.10/asyncio/base_events.py\", line 649, in run_until_complete\n    return future.result()\n  File \"/home/runner/actions-runner/_work/test-runners-2-azure-arm64-postgresql-operator/test-runners-2-azure-arm64-postgresql-operator/tests/integration/test_password_rotation.py\", line 44, in test_deploy_active\n    await ops_test.model.wait_for_idle(apps=[APP_NAME], status=\"active\", timeout=1500)\n  File \"/home/runner/actions-runner/_work/test-runners-2-azure-arm64-postgresql-operator/test-runners-2-azure-arm64-postgresql-operator/.tox/integration/lib/python3.10/site-packages/juju/model.py\", line 2963, in wait_for_idle\n    _raise_for_status(errors, \"error\")\n  File \"/home/runner/actions-runner/_work/test-runners-2-azure-arm64-postgresql-operator/test-runners-2-azure-arm64-postgresql-operator/.tox/integration/lib/python3.10/site-packages/juju/model.py\", line 2869, in _raise_for_status\n    raise error_type(\"{}{} in {}: {}\".format(\njuju.errors.JujuUnitError: Unit in error: postgresql/2","steps":[],"attachments":[{"uid":"96765176dc87d6ad","name":"log","source":"96765176dc87d6ad.txt","type":"text/plain","size":1366}],"parameters":[],"stepsCount":0,"shouldDisplayMessage":true,"attachmentsCount":1,"hasContent":true,"attachmentStep":false},"afterStages":[{"name":"abort_on_fail::0","time":{"start":1728351225493,"stop":1728351225493,"duration":0},"status":"passed","steps":[],"attachments":[],"parameters":[],"stepsCount":0,"shouldDisplayMessage":false,"attachmentsCount":0,"hasContent":false,"attachmentStep":false},{"name":"ops_test::finalizer","time":{"start":1728351225516,"stop":1728351225914,"duration":398},"status":"passed","steps":[],"attachments":[],"parameters":[],"stepsCount":0,"shouldDisplayMessage":false,"attachmentsCount":0,"hasContent":false,"attachmentStep":false},{"name":"event_loop::2","time":{"start":1728351225914,"stop":1728351225915,"duration":1},"status":"passed","steps":[],"attachments":[],"parameters":[],"stepsCount":0,"shouldDisplayMessage":false,"attachmentsCount":0,"hasContent":false,"attachmentStep":false},{"name":"event_loop::_close_event_loop","time":{"start":1728351225915,"stop":1728351225915,"duration":0},"status":"passed","steps":[],"attachments":[],"parameters":[],"stepsCount":0,"shouldDisplayMessage":false,"attachmentsCount":0,"hasContent":false,"attachmentStep":false},{"name":"event_loop::_provide_clean_event_loop","time":{"start":1728351225915,"stop":1728351225915,"duration":0},"status":"passed","steps":[],"attachments":[],"parameters":[],"stepsCount":0,"shouldDisplayMessage":false,"attachmentsCount":0,"hasContent":false,"attachmentStep":false}],"labels":[{"name":"tag","value":"skip_if_deployed"},{"name":"tag","value":"abort_on_fail"},{"name":"tag","value":"group(1)"},{"name":"tag","value":"asyncio"},{"name":"parentSuite","value":"tests.integration"},{"name":"suite","value":"test_password_rotation"},{"name":"host","value":"runner"},{"name":"thread","value":"17599-MainThread"},{"name":"framework","value":"pytest"},{"name":"language","value":"cpython3"},{"name":"package","value":"tests.integration.test_password_rotation"},{"name":"resultFormat","value":"allure2"}],"parameters":[],"links":[],"hidden":false,"retry":false,"extra":{"severity":"normal","retries":[{"uid":"2446a52fe68d6c4","status":"unknown","time":{}}],"categories":[{"name":"Test defects","matchedStatuses":[],"flaky":false}],"history":{"statistic":{"failed":0,"broken":1,"skipped":0,"passed":27,"unknown":0,"total":28},"items":[{"uid":"d905917940175aa7","reportUrl":"../103//#testresult/d905917940175aa7","status":"passed","time":{"start":1728264823619,"stop":1728265352223,"duration":528604}},{"uid":"949528c66c456f5d","reportUrl":"../102//#testresult/949528c66c456f5d","status":"passed","time":{"start":1728178334035,"stop":1728178875178,"duration":541143}},{"uid":"4d20d43d0650c5cf","reportUrl":"../101//#testresult/4d20d43d0650c5cf","status":"passed","time":{"start":1728091857809,"stop":1728092398791,"duration":540982}},{"uid":"214128cffadaf23a","reportUrl":"../100//#testresult/214128cffadaf23a","status":"passed","time":{"start":1728005550717,"stop":1728006102205,"duration":551488}},{"uid":"2677460f24dc1d34","reportUrl":"../99//#testresult/2677460f24dc1d34","status":"passed","time":{"start":1727919124780,"stop":1727919657364,"duration":532584}},{"uid":"b1b1d1b84bd24562","reportUrl":"../98//#testresult/b1b1d1b84bd24562","status":"passed","time":{"start":1727832731210,"stop":1727833256262,"duration":525052}},{"uid":"bd9097459efda1b8","reportUrl":"../97//#testresult/bd9097459efda1b8","status":"passed","time":{"start":1727746359101,"stop":1727746897159,"duration":538058}},{"uid":"ff87e74de77deafa","reportUrl":"../96//#testresult/ff87e74de77deafa","status":"passed","time":{"start":1727659957150,"stop":1727660497902,"duration":540752}},{"uid":"f33207cf78fac8e","reportUrl":"../95//#testresult/f33207cf78fac8e","status":"passed","time":{"start":1727573547092,"stop":1727574070139,"duration":523047}},{"uid":"588efabee0d28a32","reportUrl":"../94//#testresult/588efabee0d28a32","status":"passed","time":{"start":1727487083370,"stop":1727487639689,"duration":556319}},{"uid":"b0070aeefb641f5a","reportUrl":"../93//#testresult/b0070aeefb641f5a","status":"passed","time":{"start":1727400754848,"stop":1727401278134,"duration":523286}},{"uid":"948bd9fc7462b5d","reportUrl":"../92//#testresult/948bd9fc7462b5d","status":"passed","time":{"start":1727314461071,"stop":1727314990925,"duration":529854}},{"uid":"95e605d4b8bd7edd","reportUrl":"../90//#testresult/95e605d4b8bd7edd","status":"passed","time":{"start":1722217081752,"stop":1722217603213,"duration":521461}},{"uid":"80d28eefc6530234","reportUrl":"../89//#testresult/80d28eefc6530234","status":"passed","time":{"start":1722130535078,"stop":1722131047363,"duration":512285}},{"uid":"646eec55328e70bf","reportUrl":"../88//#testresult/646eec55328e70bf","status":"passed","time":{"start":1722044302000,"stop":1722044789254,"duration":487254}},{"uid":"1d1353557607edd0","reportUrl":"../87//#testresult/1d1353557607edd0","status":"passed","time":{"start":1721957757933,"stop":1721958242214,"duration":484281}},{"uid":"4690504c6739fca8","reportUrl":"../86//#testresult/4690504c6739fca8","status":"passed","time":{"start":1721871260652,"stop":1721871755075,"duration":494423}},{"uid":"822e0354ca59527e","reportUrl":"../85//#testresult/822e0354ca59527e","status":"passed","time":{"start":1721785529230,"stop":1721786024091,"duration":494861}},{"uid":"c64b5bf97f29c6d1","reportUrl":"../84//#testresult/c64b5bf97f29c6d1","status":"passed","time":{"start":1721698574938,"stop":1721699085239,"duration":510301}},{"uid":"4b1e774ddbf6689a","reportUrl":"../83//#testresult/4b1e774ddbf6689a","status":"passed","time":{"start":1721612707274,"stop":1721613209302,"duration":502028}}]},"tags":["skip_if_deployed","asyncio","abort_on_fail","group(1)"]},"source":"76e6b8f6d5ac6122.json","parameterValues":[]}