{"uid":"a5bb629877317ef2","name":"test_full_cluster_restart[SIGTERM-/snap/charmed-postgresql/[0-9]*/usr/bin/patroni]","fullName":"tests.integration.ha_tests.test_self_healing#test_full_cluster_restart","historyId":"49b54a769a8dddb0f8825db8919381ac","time":{"start":1729042766695,"stop":1729042766695,"duration":0},"description":"This tests checks that a cluster recovers from a full cluster restart.\n\n    The test can be called a full cluster crash when the signal sent to the OS process\n    is SIGKILL.\n    ","descriptionHtml":"<p>This tests checks that a cluster recovers from a full cluster restart.</p>\n<pre><code>The test can be called a full cluster crash when the signal sent to the OS process\nis SIGKILL.\n</code></pre>\n","status":"skipped","statusMessage":"XFAIL reason: aborted\n\n_pytest.outcomes.XFailed: aborted","statusTrace":"Traceback (most recent call last):\n  File \"/home/runner/actions-runner/_work/test-runners-2-azure-arm64-postgresql-operator/test-runners-2-azure-arm64-postgresql-operator/.tox/integration/lib/python3.10/site-packages/_pytest/runner.py\", line 341, in from_call\n    result: TResult | None = func()\n  File \"/home/runner/actions-runner/_work/test-runners-2-azure-arm64-postgresql-operator/test-runners-2-azure-arm64-postgresql-operator/.tox/integration/lib/python3.10/site-packages/_pytest/runner.py\", line 242, in <lambda>\n    lambda: runtest_hook(item=item, **kwds), when=when, reraise=reraise\n  File \"/home/runner/actions-runner/_work/test-runners-2-azure-arm64-postgresql-operator/test-runners-2-azure-arm64-postgresql-operator/.tox/integration/lib/python3.10/site-packages/pluggy/_hooks.py\", line 513, in __call__\n    return self._hookexec(self.name, self._hookimpls.copy(), kwargs, firstresult)\n  File \"/home/runner/actions-runner/_work/test-runners-2-azure-arm64-postgresql-operator/test-runners-2-azure-arm64-postgresql-operator/.tox/integration/lib/python3.10/site-packages/pluggy/_manager.py\", line 120, in _hookexec\n    return self._inner_hookexec(hook_name, methods, kwargs, firstresult)\n  File \"/home/runner/actions-runner/_work/test-runners-2-azure-arm64-postgresql-operator/test-runners-2-azure-arm64-postgresql-operator/.tox/integration/lib/python3.10/site-packages/pluggy/_callers.py\", line 182, in _multicall\n    return outcome.get_result()\n  File \"/home/runner/actions-runner/_work/test-runners-2-azure-arm64-postgresql-operator/test-runners-2-azure-arm64-postgresql-operator/.tox/integration/lib/python3.10/site-packages/pluggy/_result.py\", line 100, in get_result\n    raise exc.with_traceback(exc.__traceback__)\n  File \"/home/runner/actions-runner/_work/test-runners-2-azure-arm64-postgresql-operator/test-runners-2-azure-arm64-postgresql-operator/.tox/integration/lib/python3.10/site-packages/pluggy/_callers.py\", line 167, in _multicall\n    teardown.throw(outcome._exception)\n  File \"/home/runner/actions-runner/_work/test-runners-2-azure-arm64-postgresql-operator/test-runners-2-azure-arm64-postgresql-operator/.tox/integration/lib/python3.10/site-packages/_pytest/unraisableexception.py\", line 90, in pytest_runtest_setup\n    yield from unraisable_exception_runtest_hook()\n  File \"/home/runner/actions-runner/_work/test-runners-2-azure-arm64-postgresql-operator/test-runners-2-azure-arm64-postgresql-operator/.tox/integration/lib/python3.10/site-packages/_pytest/unraisableexception.py\", line 70, in unraisable_exception_runtest_hook\n    yield\n  File \"/home/runner/actions-runner/_work/test-runners-2-azure-arm64-postgresql-operator/test-runners-2-azure-arm64-postgresql-operator/.tox/integration/lib/python3.10/site-packages/pluggy/_callers.py\", line 167, in _multicall\n    teardown.throw(outcome._exception)\n  File \"/home/runner/actions-runner/_work/test-runners-2-azure-arm64-postgresql-operator/test-runners-2-azure-arm64-postgresql-operator/.tox/integration/lib/python3.10/site-packages/_pytest/logging.py\", line 840, in pytest_runtest_setup\n    yield from self._runtest_for(item, \"setup\")\n  File \"/home/runner/actions-runner/_work/test-runners-2-azure-arm64-postgresql-operator/test-runners-2-azure-arm64-postgresql-operator/.tox/integration/lib/python3.10/site-packages/_pytest/logging.py\", line 829, in _runtest_for\n    yield\n  File \"/home/runner/actions-runner/_work/test-runners-2-azure-arm64-postgresql-operator/test-runners-2-azure-arm64-postgresql-operator/.tox/integration/lib/python3.10/site-packages/pluggy/_callers.py\", line 167, in _multicall\n    teardown.throw(outcome._exception)\n  File \"/home/runner/actions-runner/_work/test-runners-2-azure-arm64-postgresql-operator/test-runners-2-azure-arm64-postgresql-operator/.tox/integration/lib/python3.10/site-packages/_pytest/capture.py\", line 875, in pytest_runtest_setup\n    return (yield)\n  File \"/home/runner/actions-runner/_work/test-runners-2-azure-arm64-postgresql-operator/test-runners-2-azure-arm64-postgresql-operator/.tox/integration/lib/python3.10/site-packages/pluggy/_callers.py\", line 167, in _multicall\n    teardown.throw(outcome._exception)\n  File \"/home/runner/actions-runner/_work/test-runners-2-azure-arm64-postgresql-operator/test-runners-2-azure-arm64-postgresql-operator/.tox/integration/lib/python3.10/site-packages/_pytest/threadexception.py\", line 87, in pytest_runtest_setup\n    yield from thread_exception_runtest_hook()\n  File \"/home/runner/actions-runner/_work/test-runners-2-azure-arm64-postgresql-operator/test-runners-2-azure-arm64-postgresql-operator/.tox/integration/lib/python3.10/site-packages/_pytest/threadexception.py\", line 68, in thread_exception_runtest_hook\n    yield\n  File \"/home/runner/actions-runner/_work/test-runners-2-azure-arm64-postgresql-operator/test-runners-2-azure-arm64-postgresql-operator/.tox/integration/lib/python3.10/site-packages/pluggy/_callers.py\", line 103, in _multicall\n    res = hook_impl.function(*args)\n  File \"/home/runner/actions-runner/_work/test-runners-2-azure-arm64-postgresql-operator/test-runners-2-azure-arm64-postgresql-operator/.tox/integration/lib/python3.10/site-packages/_pytest/runner.py\", line 160, in pytest_runtest_setup\n    item.session._setupstate.setup(item)\n  File \"/home/runner/actions-runner/_work/test-runners-2-azure-arm64-postgresql-operator/test-runners-2-azure-arm64-postgresql-operator/.tox/integration/lib/python3.10/site-packages/_pytest/runner.py\", line 514, in setup\n    col.setup()\n  File \"/home/runner/actions-runner/_work/test-runners-2-azure-arm64-postgresql-operator/test-runners-2-azure-arm64-postgresql-operator/.tox/integration/lib/python3.10/site-packages/_pytest/python.py\", line 1630, in setup\n    self._request._fillfixtures()\n  File \"/home/runner/actions-runner/_work/test-runners-2-azure-arm64-postgresql-operator/test-runners-2-azure-arm64-postgresql-operator/.tox/integration/lib/python3.10/site-packages/_pytest/fixtures.py\", line 697, in _fillfixtures\n    item.funcargs[argname] = self.getfixturevalue(argname)\n  File \"/home/runner/actions-runner/_work/test-runners-2-azure-arm64-postgresql-operator/test-runners-2-azure-arm64-postgresql-operator/.tox/integration/lib/python3.10/site-packages/_pytest/fixtures.py\", line 532, in getfixturevalue\n    fixturedef = self._get_active_fixturedef(argname)\n  File \"/home/runner/actions-runner/_work/test-runners-2-azure-arm64-postgresql-operator/test-runners-2-azure-arm64-postgresql-operator/.tox/integration/lib/python3.10/site-packages/_pytest/fixtures.py\", line 617, in _get_active_fixturedef\n    fixturedef.execute(request=subrequest)\n  File \"/home/runner/actions-runner/_work/test-runners-2-azure-arm64-postgresql-operator/test-runners-2-azure-arm64-postgresql-operator/.tox/integration/lib/python3.10/site-packages/_pytest/fixtures.py\", line 1091, in execute\n    result = ihook.pytest_fixture_setup(fixturedef=self, request=request)\n  File \"/home/runner/actions-runner/_work/test-runners-2-azure-arm64-postgresql-operator/test-runners-2-azure-arm64-postgresql-operator/.tox/integration/lib/python3.10/site-packages/pluggy/_hooks.py\", line 513, in __call__\n    return self._hookexec(self.name, self._hookimpls.copy(), kwargs, firstresult)\n  File \"/home/runner/actions-runner/_work/test-runners-2-azure-arm64-postgresql-operator/test-runners-2-azure-arm64-postgresql-operator/.tox/integration/lib/python3.10/site-packages/pluggy/_manager.py\", line 120, in _hookexec\n    return self._inner_hookexec(hook_name, methods, kwargs, firstresult)\n  File \"/home/runner/actions-runner/_work/test-runners-2-azure-arm64-postgresql-operator/test-runners-2-azure-arm64-postgresql-operator/.tox/integration/lib/python3.10/site-packages/pluggy/_callers.py\", line 182, in _multicall\n    return outcome.get_result()\n  File \"/home/runner/actions-runner/_work/test-runners-2-azure-arm64-postgresql-operator/test-runners-2-azure-arm64-postgresql-operator/.tox/integration/lib/python3.10/site-packages/pluggy/_result.py\", line 100, in get_result\n    raise exc.with_traceback(exc.__traceback__)\n  File \"/home/runner/actions-runner/_work/test-runners-2-azure-arm64-postgresql-operator/test-runners-2-azure-arm64-postgresql-operator/.tox/integration/lib/python3.10/site-packages/pluggy/_callers.py\", line 167, in _multicall\n    teardown.throw(outcome._exception)\n  File \"/home/runner/actions-runner/_work/test-runners-2-azure-arm64-postgresql-operator/test-runners-2-azure-arm64-postgresql-operator/.tox/integration/lib/python3.10/site-packages/_pytest/setuponly.py\", line 36, in pytest_fixture_setup\n    return (yield)\n  File \"/home/runner/actions-runner/_work/test-runners-2-azure-arm64-postgresql-operator/test-runners-2-azure-arm64-postgresql-operator/.tox/integration/lib/python3.10/site-packages/pluggy/_callers.py\", line 103, in _multicall\n    res = hook_impl.function(*args)\n  File \"/home/runner/actions-runner/_work/test-runners-2-azure-arm64-postgresql-operator/test-runners-2-azure-arm64-postgresql-operator/.tox/integration/lib/python3.10/site-packages/_pytest/fixtures.py\", line 1140, in pytest_fixture_setup\n    result = call_fixture_func(fixturefunc, request, kwargs)\n  File \"/home/runner/actions-runner/_work/test-runners-2-azure-arm64-postgresql-operator/test-runners-2-azure-arm64-postgresql-operator/.tox/integration/lib/python3.10/site-packages/_pytest/fixtures.py\", line 891, in call_fixture_func\n    fixture_result = next(generator)\n  File \"/home/runner/actions-runner/_work/test-runners-2-azure-arm64-postgresql-operator/test-runners-2-azure-arm64-postgresql-operator/.tox/integration/lib/python3.10/site-packages/pytest_operator/plugin.py\", line 234, in abort_on_fail\n    pytest.xfail(\"aborted\")\n  File \"/home/runner/actions-runner/_work/test-runners-2-azure-arm64-postgresql-operator/test-runners-2-azure-arm64-postgresql-operator/.tox/integration/lib/python3.10/site-packages/_pytest/outcomes.py\", line 206, in xfail\n    raise XFailed(reason)\n_pytest.outcomes.XFailed: aborted","flaky":false,"newFailed":false,"newBroken":false,"newPassed":false,"retriesCount":1,"retriesStatusChange":true,"beforeStages":[{"name":"event_loop","time":{"start":1729042430903,"stop":1729042430903,"duration":0},"status":"passed","steps":[],"attachments":[],"parameters":[],"stepsCount":0,"shouldDisplayMessage":false,"attachmentsCount":0,"hasContent":false,"attachmentStep":false},{"name":"tmp_path_factory","time":{"start":1729042430903,"stop":1729042430904,"duration":1},"status":"passed","steps":[],"attachments":[],"parameters":[],"stepsCount":0,"shouldDisplayMessage":false,"attachmentsCount":0,"hasContent":false,"attachmentStep":false},{"name":"ops_test","time":{"start":1729042430904,"stop":1729042431118,"duration":214},"status":"passed","steps":[],"attachments":[],"parameters":[],"stepsCount":0,"shouldDisplayMessage":false,"attachmentsCount":0,"hasContent":false,"attachmentStep":false},{"name":"abort_on_fail","time":{"start":1729042766695,"stop":1729042766695,"duration":0},"status":"failed","statusMessage":"_pytest.outcomes.XFailed: aborted\n","statusTrace":"  File \"/home/runner/actions-runner/_work/test-runners-2-azure-arm64-postgresql-operator/test-runners-2-azure-arm64-postgresql-operator/.tox/integration/lib/python3.10/site-packages/pluggy/_callers.py\", line 167, in _multicall\n    teardown.throw(outcome._exception)\n  File \"/home/runner/actions-runner/_work/test-runners-2-azure-arm64-postgresql-operator/test-runners-2-azure-arm64-postgresql-operator/.tox/integration/lib/python3.10/site-packages/_pytest/setuponly.py\", line 36, in pytest_fixture_setup\n    return (yield)\n  File \"/home/runner/actions-runner/_work/test-runners-2-azure-arm64-postgresql-operator/test-runners-2-azure-arm64-postgresql-operator/.tox/integration/lib/python3.10/site-packages/pluggy/_callers.py\", line 103, in _multicall\n    res = hook_impl.function(*args)\n  File \"/home/runner/actions-runner/_work/test-runners-2-azure-arm64-postgresql-operator/test-runners-2-azure-arm64-postgresql-operator/.tox/integration/lib/python3.10/site-packages/_pytest/fixtures.py\", line 1140, in pytest_fixture_setup\n    result = call_fixture_func(fixturefunc, request, kwargs)\n  File \"/home/runner/actions-runner/_work/test-runners-2-azure-arm64-postgresql-operator/test-runners-2-azure-arm64-postgresql-operator/.tox/integration/lib/python3.10/site-packages/_pytest/fixtures.py\", line 891, in call_fixture_func\n    fixture_result = next(generator)\n  File \"/home/runner/actions-runner/_work/test-runners-2-azure-arm64-postgresql-operator/test-runners-2-azure-arm64-postgresql-operator/.tox/integration/lib/python3.10/site-packages/pytest_operator/plugin.py\", line 234, in abort_on_fail\n    pytest.xfail(\"aborted\")\n  File \"/home/runner/actions-runner/_work/test-runners-2-azure-arm64-postgresql-operator/test-runners-2-azure-arm64-postgresql-operator/.tox/integration/lib/python3.10/site-packages/_pytest/outcomes.py\", line 206, in xfail\n    raise XFailed(reason)\n","steps":[],"attachments":[],"parameters":[],"stepsCount":0,"shouldDisplayMessage":true,"attachmentsCount":0,"hasContent":true,"attachmentStep":false}],"afterStages":[{"name":"ops_test::finalizer","time":{"start":1729042766711,"stop":1729042767111,"duration":400},"status":"passed","steps":[],"attachments":[],"parameters":[],"stepsCount":0,"shouldDisplayMessage":false,"attachmentsCount":0,"hasContent":false,"attachmentStep":false},{"name":"event_loop::2","time":{"start":1729042767112,"stop":1729042767112,"duration":0},"status":"passed","steps":[],"attachments":[],"parameters":[],"stepsCount":0,"shouldDisplayMessage":false,"attachmentsCount":0,"hasContent":false,"attachmentStep":false},{"name":"event_loop::_close_event_loop","time":{"start":1729042767112,"stop":1729042767112,"duration":0},"status":"passed","steps":[],"attachments":[],"parameters":[],"stepsCount":0,"shouldDisplayMessage":false,"attachmentsCount":0,"hasContent":false,"attachmentStep":false},{"name":"event_loop::_provide_clean_event_loop","time":{"start":1729042767112,"stop":1729042767112,"duration":0},"status":"passed","steps":[],"attachments":[],"parameters":[],"stepsCount":0,"shouldDisplayMessage":false,"attachmentsCount":0,"hasContent":false,"attachmentStep":false}],"labels":[{"name":"tag","value":"abort_on_fail"},{"name":"tag","value":"group(1)"},{"name":"tag","value":"asyncio"},{"name":"parentSuite","value":"tests.integration.ha_tests"},{"name":"suite","value":"test_self_healing"},{"name":"host","value":"runner"},{"name":"thread","value":"17563-MainThread"},{"name":"framework","value":"pytest"},{"name":"language","value":"cpython3"},{"name":"package","value":"tests.integration.ha_tests.test_self_healing"},{"name":"resultFormat","value":"allure2"}],"parameters":[{"name":"process","value":"'/snap/charmed-postgresql/[0-9]*/usr/bin/patroni'"},{"name":"signal","value":"'SIGTERM'"}],"links":[],"hidden":false,"retry":false,"extra":{"severity":"normal","retries":[{"uid":"45e9b95849d3e0a7","status":"unknown","time":{}}],"categories":[],"history":{"statistic":{"failed":1,"broken":5,"skipped":5,"passed":23,"unknown":1,"total":35},"items":[{"uid":"d63334c99c33eecb","reportUrl":"../111//#testresult/d63334c99c33eecb","status":"passed","time":{"start":1728957812158,"stop":1728957905663,"duration":93505}},{"uid":"72123651d3d5867a","reportUrl":"../110//#testresult/72123651d3d5867a","status":"passed","time":{"start":1728871348665,"stop":1728871493791,"duration":145126}},{"uid":"50bf2f6d14e24b81","reportUrl":"../109//#testresult/50bf2f6d14e24b81","status":"broken","statusDetails":"tenacity.RetryError: RetryError[<Future at 0xeede5aa99630 state=finished raised AssertionError>]","time":{"start":1728784930931,"stop":1728785272645,"duration":341714}},{"uid":"91973e143df5ae39","reportUrl":"../108//#testresult/91973e143df5ae39","status":"passed","time":{"start":1728698502137,"stop":1728698845673,"duration":343536}},{"uid":"f2ff0b925df665f0","reportUrl":"../107//#testresult/f2ff0b925df665f0","status":"broken","statusDetails":"tenacity.RetryError: RetryError[<Future at 0xf663bd18bd60 state=finished raised AssertionError>]","time":{"start":1728612234798,"stop":1728612510028,"duration":275230}},{"uid":"4ade75440923b8ff","reportUrl":"../105//#testresult/4ade75440923b8ff","status":"skipped","statusDetails":"XFAIL reason: aborted\n\n_pytest.outcomes.XFailed: aborted","time":{"start":1728439367427,"stop":1728439367427,"duration":0}},{"uid":"7144776e933186a4","reportUrl":"../104//#testresult/7144776e933186a4","status":"skipped","statusDetails":"XFAIL reason: aborted\n\n_pytest.outcomes.XFailed: aborted","time":{"start":1728351366515,"stop":1728351366515,"duration":0}},{"uid":"245aca964660f28b","reportUrl":"../103//#testresult/245aca964660f28b","status":"passed","time":{"start":1728266629491,"stop":1728266757675,"duration":128184}},{"uid":"9cc9af60a1793fdc","reportUrl":"../102//#testresult/9cc9af60a1793fdc","status":"passed","time":{"start":1728180247796,"stop":1728180390038,"duration":142242}},{"uid":"9a662a41f664dfa7","reportUrl":"../101//#testresult/9a662a41f664dfa7","status":"failed","statusDetails":"AssertionError: members report different lists of cluster members.","time":{"start":1728093767078,"stop":1728093852859,"duration":85781}},{"uid":"7617aba8046b73fa","reportUrl":"../100//#testresult/7617aba8046b73fa","status":"passed","time":{"start":1728007201988,"stop":1728007384815,"duration":182827}},{"uid":"a1473a095c5ffbdc","reportUrl":"../99//#testresult/a1473a095c5ffbdc","status":"passed","time":{"start":1727920924586,"stop":1727921081213,"duration":156627}},{"uid":"5ce9dc0cc6107140","reportUrl":"../98//#testresult/5ce9dc0cc6107140","status":"passed","time":{"start":1727834418392,"stop":1727834557333,"duration":138941}},{"uid":"7c13995f45e31d21","reportUrl":"../97//#testresult/7c13995f45e31d21","status":"broken","statusDetails":"tenacity.RetryError: RetryError[<Future at 0xe31ce2d827a0 state=finished raised AssertionError>]","time":{"start":1727748296030,"stop":1727748636404,"duration":340374}},{"uid":"88e5a0aa60315092","reportUrl":"../96//#testresult/88e5a0aa60315092","status":"passed","time":{"start":1727661903283,"stop":1727662040352,"duration":137069}},{"uid":"6f620601ab7b1709","reportUrl":"../95//#testresult/6f620601ab7b1709","status":"skipped","statusDetails":"XFAIL reason: aborted\n\n_pytest.outcomes.XFailed: aborted","time":{"start":1727575433030,"stop":1727575433030,"duration":0}},{"uid":"ae7816d23b6eb637","reportUrl":"../94//#testresult/ae7816d23b6eb637","status":"passed","time":{"start":1727488741219,"stop":1727488826896,"duration":85677}},{"uid":"26496e2de82a14ed","reportUrl":"../93//#testresult/26496e2de82a14ed","status":"passed","time":{"start":1727402549099,"stop":1727402710481,"duration":161382}},{"uid":"84e81af41efaf533","reportUrl":"../92//#testresult/84e81af41efaf533","status":"broken","statusDetails":"tenacity.RetryError: RetryError[<Future at 0xfe6c136e4c10 state=finished raised AssertionError>]","time":{"start":1727316566037,"stop":1727316841355,"duration":275318}},{"uid":"f46ce6dfce47247c","reportUrl":"../90//#testresult/f46ce6dfce47247c","status":"passed","time":{"start":1722218514590,"stop":1722218560109,"duration":45519}}]},"tags":["asyncio","abort_on_fail","group(1)"]},"source":"a5bb629877317ef2.json","parameterValues":["'/snap/charmed-postgresql/[0-9]*/usr/bin/patroni'","'SIGTERM'"]}