[32mINFO    [0m pytest_operator.plugin:plugin.py:734 Connecting to existing model localhost-localhost:test on unspecified cloud
[32mINFO    [0m juju.model:model.py:2098 Deploying local:jammy/postgresql-0
[33mWARNING [0m juju.model:model.py:1564 relate is deprecated and will be removed. Use integrate instead.
[32mINFO    [0m juju.model:model.py:2958 Waiting for model:
  landscape-server/0 [allocating] waiting: waiting for machine
  landscape-server/1 [allocating] waiting: waiting for machine
[32mINFO    [0m juju.model:model.py:2958 Waiting for model:
  postgresql/0 [allocating] waiting: waiting for machine
  postgresql/1 [allocating] waiting: waiting for machine
  postgresql/2 [allocating] waiting: waiting for machine
[32mINFO    [0m juju.model:model.py:2958 Waiting for model:
  landscape-server/0 [allocating] waiting: waiting for machine
  landscape-server/1 [allocating] waiting: waiting for machine
[32mINFO    [0m juju.model:model.py:2958 Waiting for model:
  postgresql/0 [allocating] waiting: waiting for machine
  postgresql/1 [allocating] waiting: waiting for machine
  postgresql/2 [allocating] waiting: waiting for machine
[32mINFO    [0m juju.model:model.py:2958 Waiting for model:
  landscape-server/0 [allocating] waiting: waiting for machine
  landscape-server/1 [allocating] waiting: waiting for machine
[32mINFO    [0m juju.model:model.py:2958 Waiting for model:
  postgresql/0 [allocating] waiting: waiting for machine
  postgresql/1 [allocating] waiting: waiting for machine
  postgresql/2 [allocating] waiting: waiting for machine
[32mINFO    [0m juju.model:model.py:2958 Waiting for model:
  landscape-server/0 [allocating] waiting: waiting for machine
  landscape-server/1 [allocating] waiting: waiting for machine
[32mINFO    [0m juju.model:model.py:2958 Waiting for model:
  postgresql/0 [allocating] waiting: waiting for machine
  postgresql/1 [allocating] waiting: waiting for machine
  postgresql/2 [allocating] waiting: waiting for machine
[32mINFO    [0m juju.model:model.py:2958 Waiting for model:
  landscape-server/0 [allocating] waiting: waiting for machine
  landscape-server/1 [allocating] waiting: waiting for machine
[32mINFO    [0m juju.model:model.py:2958 Waiting for model:
  postgresql/0 [allocating] waiting: waiting for machine
  postgresql/1 [allocating] waiting: waiting for machine
  postgresql/2 [allocating] waiting: waiting for machine
[32mINFO    [0m juju.model:model.py:2958 Waiting for model:
  landscape-server/0 [allocating] waiting: waiting for machine
  landscape-server/1 [allocating] waiting: waiting for machine
[32mINFO    [0m juju.model:model.py:2958 Waiting for model:
  postgresql/0 [allocating] waiting: waiting for machine
  postgresql/1 [allocating] waiting: waiting for machine
  postgresql/2 [allocating] waiting: installing agent
[32mINFO    [0m juju.model:model.py:2958 Waiting for model:
  postgresql/0 [allocating] waiting: waiting for machine
  postgresql/1 [executing] waiting: agent initialising
  postgresql/2 [executing] maintenance: installing PostgreSQL
[32mINFO    [0m juju.model:model.py:2958 Waiting for model:
  landscape-server/0 [allocating] waiting: waiting for machine
  landscape-server/1 [allocating] waiting: waiting for machine
[32mINFO    [0m juju.model:model.py:2958 Waiting for model:
  landscape-server/0 [allocating] waiting: waiting for machine
  landscape-server/1 [allocating] waiting: waiting for machine
[32mINFO    [0m juju.model:model.py:2958 Waiting for model:
  postgresql/0 [allocating] waiting: waiting for machine
  postgresql/1 [executing] waiting: awaiting passwords generation
  postgresql/2 [executing] waiting: waiting to start PostgreSQL
[32mINFO    [0m juju.model:model.py:2958 Waiting for model:
  postgresql/0 [executing] maintenance: installing PostgreSQL
  postgresql/1 [idle] waiting: awaiting passwords generation
  postgresql/2 [executing] waiting: waiting to start PostgreSQL
[32mINFO    [0m juju.model:model.py:2958 Waiting for model:
  landscape-server/0 [allocating] waiting: waiting for machine
  landscape-server/1 [executing] maintenance: Installing apt packages
[32mINFO    [0m juju.model:model.py:2958 Waiting for model:
  landscape-server/0 [executing] maintenance: Installing apt packages
  landscape-server/1 [executing] maintenance: Installing apt packages
[32mINFO    [0m juju.model:model.py:2958 Waiting for model:
  postgresql/0 [idle] waiting: awaiting passwords generation
  postgresql/1 [idle] waiting: awaiting passwords generation
  postgresql/2 [executing] waiting: waiting to start PostgreSQL
[32mINFO    [0m juju.model:model.py:2958 Waiting for model:
  landscape-server/0 [executing] maintenance: Installing apt packages
  landscape-server/1 [executing] maintenance: Installing apt packages
[32mINFO    [0m juju.model:model.py:2958 Waiting for model:
  postgresql/0 [idle] waiting: awaiting passwords generation
  postgresql/1 [idle] waiting: awaiting passwords generation
  postgresql/2 [executing] waiting: waiting to start PostgreSQL
[32mINFO    [0m juju.model:model.py:2958 Waiting for model:
  landscape-server/0 [executing] maintenance: Installing apt packages
  landscape-server/1 [executing] maintenance: Installing apt packages
[32mINFO    [0m juju.model:model.py:2958 Waiting for model:
  postgresql/0 [idle] waiting: awaiting passwords generation
  postgresql/1 [idle] waiting: awaiting passwords generation
  postgresql/2 [executing] waiting: waiting to start PostgreSQL
[32mINFO    [0m juju.model:model.py:2958 Waiting for model:
  landscape-server/0 [executing] maintenance: Installing apt packages
  landscape-server/1 [executing] maintenance: Installing apt packages
[32mINFO    [0m juju.model:model.py:2958 Waiting for model:
  postgresql/0 [idle] waiting: awaiting passwords generation
  postgresql/1 [idle] waiting: awaiting passwords generation
  postgresql/2 [executing] waiting: waiting to start PostgreSQL
[32mINFO    [0m juju.model:model.py:2958 Waiting for model:
  landscape-server/0 [executing] maintenance: Installing apt packages
  landscape-server/1 [executing] maintenance: Installing apt packages
[32mINFO    [0m juju.model:model.py:2958 Waiting for model:
  postgresql/0 [idle] waiting: awaiting passwords generation
  postgresql/1 [idle] waiting: awaiting passwords generation
  postgresql/2 [executing] waiting: waiting to start PostgreSQL
[32mINFO    [0m juju.model:model.py:2958 Waiting for model:
  postgresql/0 [idle] waiting: awaiting passwords generation
  postgresql/1 [idle] waiting: awaiting passwords generation
  postgresql/2 [executing] waiting: waiting to start PostgreSQL
[32mINFO    [0m juju.model:model.py:2958 Waiting for model:
  landscape-server/0 [executing] maintenance: Installing apt packages
  landscape-server/1 [executing] maintenance: Installing apt packages
[32mINFO    [0m juju.model:model.py:2958 Waiting for model:
  landscape-server/0 [executing] maintenance: Installing apt packages
  landscape-server/1 [executing] maintenance: Installing apt packages
[32mINFO    [0m juju.model:model.py:2958 Waiting for model:
  postgresql/0 [executing] waiting: awaiting for cluster to start
  postgresql/1 [executing] waiting: awaiting for cluster to start
  postgresql/2 [executing] active: 
[32mINFO    [0m juju.model:model.py:2958 Waiting for model:
  postgresql/0 [executing] waiting: awaiting for cluster to start
  postgresql/1 [executing] waiting: awaiting for cluster to start
  postgresql/2 [executing] maintenance: reconfiguring cluster
[32mINFO    [0m juju.model:model.py:2958 Waiting for model:
  landscape-server/0 [executing] maintenance: Installing apt packages
  landscape-server/1 [executing] maintenance: Installing apt packages
[32mINFO    [0m juju.model:model.py:2958 Waiting for model:
  postgresql/0 [executing] waiting: awaiting for cluster to start
  postgresql/1 [executing] waiting: awaiting for cluster to start
  postgresql/2 [executing] maintenance: reconfiguring cluster
[32mINFO    [0m juju.model:model.py:2958 Waiting for model:
  landscape-server/0 [executing] maintenance: Installing apt packages
  landscape-server/1 [executing] maintenance: Installing apt packages
[32mINFO    [0m juju.model:model.py:2958 Waiting for model:
  postgresql/0 [idle] waiting: awaiting for member to start
  postgresql/1 [idle] waiting: awaiting for cluster to start
  postgresql/2 [executing] maintenance: reconfiguring cluster
[32mINFO    [0m juju.model:model.py:2958 Waiting for model:
  landscape-server/0 [executing] maintenance: Installing apt packages
  landscape-server/1 [executing] maintenance: Installing apt packages
[32mINFO    [0m juju.model:model.py:2958 Waiting for model:
  postgresql/0 [idle] waiting: awaiting for member to start
  postgresql/1 [idle] waiting: awaiting for cluster to start
  postgresql/2 [executing] maintenance: reconfiguring cluster
[32mINFO    [0m juju.model:model.py:2958 Waiting for model:
  landscape-server/0 [executing] maintenance: Installing apt packages
  landscape-server/1 [executing] maintenance: Installing apt packages
[32mINFO    [0m juju.model:model.py:2958 Waiting for model:
  postgresql/0 [idle] active: 
  postgresql/1 [idle] waiting: awaiting for cluster to start
  postgresql/2 [executing] maintenance: reconfiguring cluster
[32mINFO    [0m juju.model:model.py:2958 Waiting for model:
  landscape-server/0 [executing] maintenance: Installing apt packages
  landscape-server/1 [executing] maintenance: Installing apt packages
[32mINFO    [0m juju.model:model.py:2958 Waiting for model:
  postgresql/0 [idle] active: 
  postgresql/1 [idle] waiting: awaiting for cluster to start
  postgresql/2 [executing] maintenance: reconfiguring cluster
[32mINFO    [0m juju.model:model.py:2958 Waiting for model:
  landscape-server/0 [executing] waiting: Waiting on relations: db, amqp
  landscape-server/1 [executing] maintenance: Installing apt packages
[32mINFO    [0m juju.model:model.py:2958 Waiting for model:
  landscape-server/0 [executing] maintenance: Setting up databases
  landscape-server/1 [idle] waiting: Waiting on relations: db
[32mINFO    [0m juju.model:model.py:2958 Waiting for model:
  postgresql/0 [idle] waiting: awaiting for member to start
  postgresql/1 [idle] waiting: awaiting for cluster to start
  postgresql/2 [executing] maintenance: reconfiguring cluster
[32mINFO    [0m juju.model:model.py:2958 Waiting for model:
  landscape-server/0 [executing] maintenance: Setting up databases
  landscape-server/1 [executing] maintenance: Setting up databases
[32mINFO    [0m juju.model:model.py:2958 Waiting for model:
  postgresql/0 [idle] waiting: awaiting for member to start
  postgresql/1 [idle] waiting: awaiting for cluster to start
  postgresql/2 [executing] maintenance: reconfiguring cluster
[32mINFO    [0m juju.model:model.py:2958 Waiting for model:
  postgresql/0 [idle] waiting: awaiting for member to start
  postgresql/1 [idle] waiting: awaiting for cluster to start
  postgresql/2 [idle] active: Primary
[32mINFO    [0m juju.model:model.py:2958 Waiting for model:
  landscape-server/0 [executing] maintenance: Setting up databases
  landscape-server/1 [executing] maintenance: Setting up databases
[32mINFO    [0m juju.model:model.py:2958 Waiting for model:
  postgresql/0 [idle] waiting: awaiting for member to start
  postgresql/1 [idle] waiting: awaiting for cluster to start
  postgresql/2 [idle] active: Primary
[32mINFO    [0m juju.model:model.py:2958 Waiting for model:
  landscape-server/0 [executing] maintenance: Starting services
  landscape-server/1 [executing] maintenance: Starting services
[32mINFO    [0m juju.model:model.py:2958 Waiting for model:
  postgresql/0 [idle] active: 
  postgresql/1 [idle] waiting: awaiting for cluster to start
  postgresql/2 [executing] maintenance: reconfiguring cluster
[32mINFO    [0m juju.model:model.py:2958 Waiting for model:
  landscape-server/0 [idle] active: Unit is ready
  landscape-server/1 [idle] active: Unit is ready
[32mINFO    [0m juju.model:model.py:2958 Waiting for model:
  postgresql/0 [idle] active: 
  postgresql/1 [idle] waiting: awaiting for cluster to start
  postgresql/2 [idle] active: Primary
[32mINFO    [0m juju.model:model.py:2958 Waiting for model:
  postgresql/0 [idle] active: 
  postgresql/1 [executing] waiting: awaiting for member to start
  postgresql/2 [idle] active: Primary
[32mINFO    [0m juju.model:model.py:2958 Waiting for model:
  postgresql/0 [idle] active: 
  postgresql/1 [idle] waiting: awaiting for member to start
  postgresql/2 [idle] active: 
[32mINFO    [0m juju.model:model.py:2958 Waiting for model:
  postgresql/0 [idle] active: 
  postgresql/1 [idle] waiting: awaiting for member to start
  postgresql/2 [idle] active: Primary
[32mINFO    [0m juju.model:model.py:2958 Waiting for model:
  postgresql/0 [idle] active: 
  postgresql/1 [idle] waiting: awaiting for member to start
  postgresql/2 [idle] active: Primary
[32mINFO    [0m juju.model:model.py:2958 Waiting for model:
  postgresql/0 [idle] active: 
  postgresql/1 [idle] waiting: awaiting for member to start
  postgresql/2 [idle] active: Primary
[32mINFO    [0m juju.model:model.py:2958 Waiting for model:
  postgresql/0 [idle] active: 
  postgresql/1 [idle] waiting: awaiting for member to start
  postgresql/2 [idle] active: Primary
[32mINFO    [0m juju.model:model.py:2958 Waiting for model:
  postgresql/0 [idle] active: 
  postgresql/1 [idle] waiting: awaiting for member to start
  postgresql/2 [idle] active: Primary
[32mINFO    [0m juju.model:model.py:2958 Waiting for model:
  postgresql/0 [idle] active: 
  postgresql/1 [idle] waiting: awaiting for member to start
  postgresql/2 [idle] active: Primary
[32mINFO    [0m juju.model:model.py:2958 Waiting for model:
  postgresql/0 [idle] active: 
  postgresql/1 [idle] waiting: awaiting for member to start
  postgresql/2 [idle] active: Primary
[32mINFO    [0m juju.model:model.py:2958 Waiting for model:
  postgresql/0 [idle] active: 
  postgresql/1 [idle] waiting: awaiting for member to start
  postgresql/2 [idle] active: Primary
[32mINFO    [0m juju.model:model.py:2958 Waiting for model:
  postgresql/0 [idle] active: 
  postgresql/1 [idle] waiting: awaiting for member to start
  postgresql/2 [idle] active: Primary
[32mINFO    [0m juju.model:model.py:2958 Waiting for model:
  postgresql/0 [idle] active: 
  postgresql/1 [idle] waiting: awaiting for member to start
  postgresql/2 [idle] active: Primary
[32mINFO    [0m juju.model:model.py:2958 Waiting for model:
  postgresql/0 [idle] active: 
  postgresql/1 [idle] waiting: awaiting for member to start
  postgresql/2 [idle] active: Primary
[32mINFO    [0m juju.model:model.py:2958 Waiting for model:
  postgresql/0 [idle] active: 
  postgresql/1 [idle] waiting: awaiting for member to start
  postgresql/2 [idle] active: Primary
[32mINFO    [0m juju.model:model.py:2958 Waiting for model:
  postgresql/0 [idle] active: 
  postgresql/1 [idle] waiting: awaiting for member to start
  postgresql/2 [idle] active: Primary
[32mINFO    [0m juju.model:model.py:2958 Waiting for model:
  postgresql/0 [idle] active: 
  postgresql/1 [idle] waiting: awaiting for member to start
  postgresql/2 [idle] active: Primary
[32mINFO    [0m juju.model:model.py:2958 Waiting for model:
  postgresql/0 [idle] active: 
  postgresql/1 [idle] waiting: awaiting for member to start
  postgresql/2 [idle] active: Primary
[32mINFO    [0m juju.model:model.py:2958 Waiting for model:
  postgresql/0 [idle] active: 
  postgresql/1 [idle] waiting: awaiting for member to start
  postgresql/2 [idle] active: Primary
[32mINFO    [0m juju.model:model.py:2958 Waiting for model:
  postgresql/0 [idle] active: 
  postgresql/1 [idle] active: 
  postgresql/2 [idle] active: Primary
[32mINFO    [0m juju.model:model.py:2958 Waiting for model:
  landscape-server/0 [idle] active: Unit is ready
  landscape-server/1 [executing] active: Unit is ready
  postgresql/0 [idle] active: 
  postgresql/1 [idle] active: 
  postgresql/2 [idle] active: Primary
[32mINFO    [0m juju.model:model.py:2958 Waiting for model:
  landscape-server/0 [executing] maintenance: Setting up databases
  landscape-server/1 [executing] maintenance: Starting services
  postgresql/0 [idle] active: 
  postgresql/2 [idle] active: Primary
[32mINFO    [0m integration.test_db_admin:test_db_admin.py:111 restarting primary
[32mINFO    [0m juju.model:model.py:2958 Waiting for model:
  postgresql/0 [idle] active: 
  postgresql/1 [idle] active: 
  postgresql/2 [idle] active: Primary
[32mINFO    [0m juju.model:model.py:2958 Waiting for model:
  postgresql/0 [idle] active: 
  postgresql/1 [idle] active: 
  postgresql/2 [idle] waiting: awaiting for member to start
[32mINFO    [0m juju.model:model.py:2958 Waiting for model:
  postgresql/0 [idle] active: 
  postgresql/1 [idle] active: 
  postgresql/2 [idle] waiting: awaiting for member to start
[32mINFO    [0m juju.model:model.py:2958 Waiting for model:
  postgresql/0 [idle] active: 
  postgresql/1 [idle] active: 
  postgresql/2 [idle] waiting: awaiting for member to start
[32mINFO    [0m juju.model:model.py:2958 Waiting for model:
  postgresql/0 [idle] active: 
  postgresql/1 [idle] active: 
  postgresql/2 [idle] waiting: awaiting for member to start
[32mINFO    [0m juju.model:model.py:2958 Waiting for model:
  postgresql/0 [idle] active: 
  postgresql/1 [idle] active: 
  postgresql/2 [idle] waiting: awaiting for member to start
[32mINFO    [0m juju.model:model.py:2958 Waiting for model:
  postgresql/0 [idle] active: 
  postgresql/1 [idle] active: 
  postgresql/2 [idle] waiting: awaiting for member to start
[32mINFO    [0m juju.model:model.py:2958 Waiting for model:
  postgresql/0 [idle] active: Primary
  postgresql/1 [idle] active: 
  postgresql/2 [idle] waiting: awaiting for member to start
[32mINFO    [0m juju.model:model.py:2958 Waiting for model:
  postgresql/0 [idle] active: Primary
  postgresql/1 [idle] active: 
  postgresql/2 [idle] waiting: awaiting for member to start
[32mINFO    [0m juju.model:model.py:2958 Waiting for model:
  postgresql/0 [idle] active: Primary
  postgresql/1 [idle] active: 
  postgresql/2 [idle] waiting: awaiting for member to start
[32mINFO    [0m juju.model:model.py:2958 Waiting for model:
  postgresql/0 [idle] active: Primary
  postgresql/1 [idle] active: 
  postgresql/2 [idle] waiting: awaiting for member to start
[32mINFO    [0m juju.model:model.py:2958 Waiting for model:
  postgresql/0 [idle] active: Primary
  postgresql/1 [idle] active: 
  postgresql/2 [idle] waiting: awaiting for member to start
[32mINFO    [0m juju.model:model.py:2958 Waiting for model:
  postgresql/0 [executing] active: Primary
  postgresql/1 [executing] active: 
  postgresql/2 [idle] active: 
[32mINFO    [0m integration.test_db_admin:test_db_admin.py:132 triggering a switchover
[32mINFO    [0m juju.model:model.py:2958 Waiting for model:
  landscape-server/0 [executing] active: Unit is ready
  landscape-server/1 [executing] active: Unit is ready
  postgresql/0 [idle] active: 
  postgresql/1 [idle] active: 
  postgresql/2 [idle] active: 
[32mINFO    [0m juju.model:model.py:2958 Waiting for model:
  landscape-server/0 [idle] active: Unit is ready
  landscape-server/1 [executing] maintenance: Starting services
[32mINFO    [0m juju.model:model.py:2958 Waiting for model:
  postgresql/0 [idle] active: 
  postgresql/1 [idle] active: Primary
  postgresql/2 [idle] active: 
[32mINFO    [0m juju.model:model.py:2958 Waiting for model:
  postgresql/0 [idle] active: 
  postgresql/1 [idle] active: Primary
  postgresql/2 [idle] active:
[32mINFO    [0m pytest_operator.plugin:plugin.py:862 Model status:

Model  Controller           Cloud/Region         Version  SLA          Timestamp
test   localhost-localhost  localhost/localhost  3.1.8    unsupported  08:20:25Z

Machine  State    Address      Inst id        Base          AZ  Message
1        stopped  10.3.40.251  juju-3870a8-1  ubuntu@22.04      Running
2        stopped  10.3.40.179  juju-3870a8-2  ubuntu@22.04      Running

[32mINFO    [0m pytest_operator.plugin:plugin.py:868 Juju error logs:

machine-2: 07:49:09 ERROR juju.worker.dependency "broker-tracker" manifold worker returned unexpected error: no container types determined
machine-2: 07:49:09 ERROR juju.worker.dependency "kvm-container-provisioner" manifold worker returned unexpected error: container types not yet available
machine-2: 07:49:09 ERROR juju.worker.dependency "lxd-container-provisioner" manifold worker returned unexpected error: container types not yet available
unit-postgresql-2: 07:49:09 ERROR juju.worker.meterstatus error running "meter-status-changed": charm missing from disk
machine-6: 07:49:22 ERROR juju.worker.dependency "lxd-container-provisioner" manifold worker returned unexpected error: container types not yet available
machine-6: 07:49:22 ERROR juju.worker.dependency "kvm-container-provisioner" manifold worker returned unexpected error: container types not yet available
machine-6: 07:49:22 ERROR juju.worker.dependency "broker-tracker" manifold worker returned unexpected error: no container types determined
unit-rabbitmq-server-0: 07:49:23 ERROR juju.worker.meterstatus error running "meter-status-changed": charm missing from disk
machine-1: 07:49:30 ERROR juju.worker.dependency "broker-tracker" manifold worker returned unexpected error: no container types determined
machine-1: 07:49:30 ERROR juju.worker.dependency "lxd-container-provisioner" manifold worker returned unexpected error: container types not yet available
machine-1: 07:49:30 ERROR juju.worker.dependency "kvm-container-provisioner" manifold worker returned unexpected error: container types not yet available
unit-postgresql-1: 07:49:30 ERROR juju.worker.meterstatus error running "meter-status-changed": charm missing from disk
machine-5: 07:50:14 ERROR juju.worker.dependency "lxd-container-provisioner" manifold worker returned unexpected error: container types not yet available
machine-5: 07:50:14 ERROR juju.worker.dependency "kvm-container-provisioner" manifold worker returned unexpected error: container types not yet available
machine-5: 07:50:14 ERROR juju.worker.dependency "broker-tracker" manifold worker returned unexpected error: no container types determined
machine-0: 07:50:14 ERROR juju.worker.dependency "lxd-container-provisioner" manifold worker returned unexpected error: container types not yet available
machine-0: 07:50:14 ERROR juju.worker.dependency "kvm-container-provisioner" manifold worker returned unexpected error: container types not yet available
machine-0: 07:50:14 ERROR juju.worker.dependency "broker-tracker" manifold worker returned unexpected error: no container types determined
unit-landscape-server-1: 07:50:14 ERROR juju.worker.meterstatus error running "meter-status-changed": charm missing from disk
unit-postgresql-0: 07:50:15 ERROR juju.worker.meterstatus error running "meter-status-changed": charm missing from disk
machine-3: 07:50:16 ERROR juju.worker.dependency "kvm-container-provisioner" manifold worker returned unexpected error: container types not yet available
machine-3: 07:50:16 ERROR juju.worker.dependency "lxd-container-provisioner" manifold worker returned unexpected error: container types not yet available
machine-3: 07:50:16 ERROR juju.worker.dependency "broker-tracker" manifold worker returned unexpected error: no container types determined
unit-haproxy-0: 07:50:16 ERROR juju.worker.meterstatus error running "meter-status-changed": charm missing from disk
machine-4: 07:50:59 ERROR juju.worker.dependency "kvm-container-provisioner" manifold worker returned unexpected error: container types not yet available
machine-4: 07:50:59 ERROR juju.worker.dependency "lxd-container-provisioner" manifold worker returned unexpected error: container types not yet available
machine-4: 07:50:59 ERROR juju.worker.dependency "broker-tracker" manifold worker returned unexpected error: no container types determined
unit-landscape-server-0: 07:50:59 ERROR juju.worker.meterstatus error running "meter-status-changed": charm missing from disk
unit-postgresql-2: 08:17:10 ERROR unit.postgresql/2.juju-log failed to change plugins: 
Traceback (most recent call last):
  File "/var/lib/juju/agents/unit-postgresql-2/charm/lib/charms/postgresql_k8s/v0/postgresql.py", line 317, in enable_disable_extensions
    cursor.execute(
psycopg2.errors.DependentObjectsStillExist: cannot drop extension debversion because other objects depend on it
DETAIL:  column version of table package depends on type debversion
HINT:  Use DROP ... CASCADE to drop the dependent objects too.


During handling of the above exception, another exception occurred:

Traceback (most recent call last):
  File "/var/lib/juju/agents/unit-postgresql-2/charm/./src/charm.py", line 977, in enable_disable_extensions
    self.postgresql.enable_disable_extensions(extensions, database)
  File "/var/lib/juju/agents/unit-postgresql-2/charm/lib/charms/postgresql_k8s/v0/postgresql.py", line 325, in enable_disable_extensions
    raise PostgreSQLEnableDisableExtensionError()
charms.postgresql_k8s.v0.postgresql.PostgreSQLEnableDisableExtensionError
machine-0: 08:20:21 ERROR juju.api.watcher error trying to stop watcher: websocket: close sent

[32mINFO    [0m pytest_operator.plugin:plugin.py:947 Forgetting model main...