{"uid":"254ce9ab60501fa","name":"test_full_cluster_restart[SIGKILL-postgres]","fullName":"tests.integration.ha_tests.test_self_healing#test_full_cluster_restart","historyId":"2702afd99304f2d258e13b03718c72a0","time":{"start":1728007403571,"stop":1728007652195,"duration":248624},"description":"This tests checks that a cluster recovers from a full cluster restart.\n\n    The test can be called a full cluster crash when the signal sent to the OS process\n    is SIGKILL.\n    ","descriptionHtml":"<p>This tests checks that a cluster recovers from a full cluster restart.</p>\n<pre><code>The test can be called a full cluster crash when the signal sent to the OS process\nis SIGKILL.\n</code></pre>\n","status":"broken","statusMessage":"tenacity.RetryError: RetryError[<Future at 0xf076d35fcf10 state=finished raised AssertionError>]","statusTrace":"Traceback (most recent call last):\n  File \"/home/runner/actions-runner/_work/test-runners-2-azure-arm64-postgresql-operator/test-runners-2-azure-arm64-postgresql-operator/tests/integration/ha_tests/helpers.py\", line 112, in are_writes_increasing\n    more_writes[member] > count\nAssertionError: test.postgresql-1: writes not continuing to DB (current writes: 1697 - previous writes: 1697)\n\nThe above exception was the direct cause of the following exception:\n\nTraceback (most recent call last):\n  File \"/home/runner/actions-runner/_work/test-runners-2-azure-arm64-postgresql-operator/test-runners-2-azure-arm64-postgresql-operator/.tox/integration/lib/python3.10/site-packages/_pytest/runner.py\", line 341, in from_call\n    result: TResult | None = func()\n  File \"/home/runner/actions-runner/_work/test-runners-2-azure-arm64-postgresql-operator/test-runners-2-azure-arm64-postgresql-operator/.tox/integration/lib/python3.10/site-packages/_pytest/runner.py\", line 242, in <lambda>\n    lambda: runtest_hook(item=item, **kwds), when=when, reraise=reraise\n  File \"/home/runner/actions-runner/_work/test-runners-2-azure-arm64-postgresql-operator/test-runners-2-azure-arm64-postgresql-operator/.tox/integration/lib/python3.10/site-packages/pluggy/_hooks.py\", line 513, in __call__\n    return self._hookexec(self.name, self._hookimpls.copy(), kwargs, firstresult)\n  File \"/home/runner/actions-runner/_work/test-runners-2-azure-arm64-postgresql-operator/test-runners-2-azure-arm64-postgresql-operator/.tox/integration/lib/python3.10/site-packages/pluggy/_manager.py\", line 120, in _hookexec\n    return self._inner_hookexec(hook_name, methods, kwargs, firstresult)\n  File \"/home/runner/actions-runner/_work/test-runners-2-azure-arm64-postgresql-operator/test-runners-2-azure-arm64-postgresql-operator/.tox/integration/lib/python3.10/site-packages/pluggy/_callers.py\", line 182, in _multicall\n    return outcome.get_result()\n  File \"/home/runner/actions-runner/_work/test-runners-2-azure-arm64-postgresql-operator/test-runners-2-azure-arm64-postgresql-operator/.tox/integration/lib/python3.10/site-packages/pluggy/_result.py\", line 100, in get_result\n    raise exc.with_traceback(exc.__traceback__)\n  File \"/home/runner/actions-runner/_work/test-runners-2-azure-arm64-postgresql-operator/test-runners-2-azure-arm64-postgresql-operator/.tox/integration/lib/python3.10/site-packages/pluggy/_callers.py\", line 167, in _multicall\n    teardown.throw(outcome._exception)\n  File \"/home/runner/actions-runner/_work/test-runners-2-azure-arm64-postgresql-operator/test-runners-2-azure-arm64-postgresql-operator/.tox/integration/lib/python3.10/site-packages/_pytest/threadexception.py\", line 92, in pytest_runtest_call\n    yield from thread_exception_runtest_hook()\n  File \"/home/runner/actions-runner/_work/test-runners-2-azure-arm64-postgresql-operator/test-runners-2-azure-arm64-postgresql-operator/.tox/integration/lib/python3.10/site-packages/_pytest/threadexception.py\", line 68, in thread_exception_runtest_hook\n    yield\n  File \"/home/runner/actions-runner/_work/test-runners-2-azure-arm64-postgresql-operator/test-runners-2-azure-arm64-postgresql-operator/.tox/integration/lib/python3.10/site-packages/pluggy/_callers.py\", line 167, in _multicall\n    teardown.throw(outcome._exception)\n  File \"/home/runner/actions-runner/_work/test-runners-2-azure-arm64-postgresql-operator/test-runners-2-azure-arm64-postgresql-operator/.tox/integration/lib/python3.10/site-packages/_pytest/unraisableexception.py\", line 95, in pytest_runtest_call\n    yield from unraisable_exception_runtest_hook()\n  File \"/home/runner/actions-runner/_work/test-runners-2-azure-arm64-postgresql-operator/test-runners-2-azure-arm64-postgresql-operator/.tox/integration/lib/python3.10/site-packages/_pytest/unraisableexception.py\", line 70, in unraisable_exception_runtest_hook\n    yield\n  File \"/home/runner/actions-runner/_work/test-runners-2-azure-arm64-postgresql-operator/test-runners-2-azure-arm64-postgresql-operator/.tox/integration/lib/python3.10/site-packages/pluggy/_callers.py\", line 167, in _multicall\n    teardown.throw(outcome._exception)\n  File \"/home/runner/actions-runner/_work/test-runners-2-azure-arm64-postgresql-operator/test-runners-2-azure-arm64-postgresql-operator/.tox/integration/lib/python3.10/site-packages/_pytest/logging.py\", line 846, in pytest_runtest_call\n    yield from self._runtest_for(item, \"call\")\n  File \"/home/runner/actions-runner/_work/test-runners-2-azure-arm64-postgresql-operator/test-runners-2-azure-arm64-postgresql-operator/.tox/integration/lib/python3.10/site-packages/_pytest/logging.py\", line 829, in _runtest_for\n    yield\n  File \"/home/runner/actions-runner/_work/test-runners-2-azure-arm64-postgresql-operator/test-runners-2-azure-arm64-postgresql-operator/.tox/integration/lib/python3.10/site-packages/pluggy/_callers.py\", line 167, in _multicall\n    teardown.throw(outcome._exception)\n  File \"/home/runner/actions-runner/_work/test-runners-2-azure-arm64-postgresql-operator/test-runners-2-azure-arm64-postgresql-operator/.tox/integration/lib/python3.10/site-packages/_pytest/capture.py\", line 880, in pytest_runtest_call\n    return (yield)\n  File \"/home/runner/actions-runner/_work/test-runners-2-azure-arm64-postgresql-operator/test-runners-2-azure-arm64-postgresql-operator/.tox/integration/lib/python3.10/site-packages/pluggy/_callers.py\", line 167, in _multicall\n    teardown.throw(outcome._exception)\n  File \"/home/runner/actions-runner/_work/test-runners-2-azure-arm64-postgresql-operator/test-runners-2-azure-arm64-postgresql-operator/.tox/integration/lib/python3.10/site-packages/_pytest/skipping.py\", line 257, in pytest_runtest_call\n    return (yield)\n  File \"/home/runner/actions-runner/_work/test-runners-2-azure-arm64-postgresql-operator/test-runners-2-azure-arm64-postgresql-operator/.tox/integration/lib/python3.10/site-packages/pluggy/_callers.py\", line 103, in _multicall\n    res = hook_impl.function(*args)\n  File \"/home/runner/actions-runner/_work/test-runners-2-azure-arm64-postgresql-operator/test-runners-2-azure-arm64-postgresql-operator/.tox/integration/lib/python3.10/site-packages/_pytest/runner.py\", line 174, in pytest_runtest_call\n    item.runtest()\n  File \"/home/runner/actions-runner/_work/test-runners-2-azure-arm64-postgresql-operator/test-runners-2-azure-arm64-postgresql-operator/.tox/integration/lib/python3.10/site-packages/_pytest/python.py\", line 1627, in runtest\n    self.ihook.pytest_pyfunc_call(pyfuncitem=self)\n  File \"/home/runner/actions-runner/_work/test-runners-2-azure-arm64-postgresql-operator/test-runners-2-azure-arm64-postgresql-operator/.tox/integration/lib/python3.10/site-packages/pluggy/_hooks.py\", line 513, in __call__\n    return self._hookexec(self.name, self._hookimpls.copy(), kwargs, firstresult)\n  File \"/home/runner/actions-runner/_work/test-runners-2-azure-arm64-postgresql-operator/test-runners-2-azure-arm64-postgresql-operator/.tox/integration/lib/python3.10/site-packages/pluggy/_manager.py\", line 120, in _hookexec\n    return self._inner_hookexec(hook_name, methods, kwargs, firstresult)\n  File \"/home/runner/actions-runner/_work/test-runners-2-azure-arm64-postgresql-operator/test-runners-2-azure-arm64-postgresql-operator/.tox/integration/lib/python3.10/site-packages/pluggy/_callers.py\", line 182, in _multicall\n    return outcome.get_result()\n  File \"/home/runner/actions-runner/_work/test-runners-2-azure-arm64-postgresql-operator/test-runners-2-azure-arm64-postgresql-operator/.tox/integration/lib/python3.10/site-packages/pluggy/_result.py\", line 100, in get_result\n    raise exc.with_traceback(exc.__traceback__)\n  File \"/home/runner/actions-runner/_work/test-runners-2-azure-arm64-postgresql-operator/test-runners-2-azure-arm64-postgresql-operator/.tox/integration/lib/python3.10/site-packages/pluggy/_callers.py\", line 103, in _multicall\n    res = hook_impl.function(*args)\n  File \"/home/runner/actions-runner/_work/test-runners-2-azure-arm64-postgresql-operator/test-runners-2-azure-arm64-postgresql-operator/.tox/integration/lib/python3.10/site-packages/_pytest/python.py\", line 159, in pytest_pyfunc_call\n    result = testfunction(**testargs)\n  File \"/home/runner/actions-runner/_work/test-runners-2-azure-arm64-postgresql-operator/test-runners-2-azure-arm64-postgresql-operator/.tox/integration/lib/python3.10/site-packages/pytest_asyncio/plugin.py\", line 529, in inner\n    _loop.run_until_complete(task)\n  File \"/usr/lib/python3.10/asyncio/base_events.py\", line 649, in run_until_complete\n    return future.result()\n  File \"/home/runner/actions-runner/_work/test-runners-2-azure-arm64-postgresql-operator/test-runners-2-azure-arm64-postgresql-operator/tests/integration/ha_tests/test_self_healing.py\", line 300, in test_full_cluster_restart\n    await are_writes_increasing(ops_test)\n  File \"/home/runner/actions-runner/_work/test-runners-2-azure-arm64-postgresql-operator/test-runners-2-azure-arm64-postgresql-operator/tests/integration/ha_tests/helpers.py\", line 103, in are_writes_increasing\n    for attempt in Retrying(stop=stop_after_delay(60 * 3), wait=wait_fixed(3)):\n  File \"/home/runner/actions-runner/_work/test-runners-2-azure-arm64-postgresql-operator/test-runners-2-azure-arm64-postgresql-operator/.tox/integration/lib/python3.10/site-packages/tenacity/__init__.py\", line 443, in __iter__\n    do = self.iter(retry_state=retry_state)\n  File \"/home/runner/actions-runner/_work/test-runners-2-azure-arm64-postgresql-operator/test-runners-2-azure-arm64-postgresql-operator/.tox/integration/lib/python3.10/site-packages/tenacity/__init__.py\", line 376, in iter\n    result = action(retry_state)\n  File \"/home/runner/actions-runner/_work/test-runners-2-azure-arm64-postgresql-operator/test-runners-2-azure-arm64-postgresql-operator/.tox/integration/lib/python3.10/site-packages/tenacity/__init__.py\", line 419, in exc_check\n    raise retry_exc from fut.exception()\ntenacity.RetryError: RetryError[<Future at 0xf076d35fcf10 state=finished raised AssertionError>]","flaky":false,"newFailed":false,"newBroken":true,"newPassed":false,"retriesCount":1,"retriesStatusChange":true,"beforeStages":[{"name":"event_loop","time":{"start":1728005480265,"stop":1728005480266,"duration":1},"status":"passed","steps":[],"attachments":[],"parameters":[],"stepsCount":0,"shouldDisplayMessage":false,"attachmentsCount":0,"hasContent":false,"attachmentStep":false},{"name":"tmp_path_factory","time":{"start":1728005480266,"stop":1728005480266,"duration":0},"status":"passed","steps":[],"attachments":[],"parameters":[],"stepsCount":0,"shouldDisplayMessage":false,"attachmentsCount":0,"hasContent":false,"attachmentStep":false},{"name":"ops_test","time":{"start":1728005480266,"stop":1728005480477,"duration":211},"status":"passed","steps":[],"attachments":[],"parameters":[],"stepsCount":0,"shouldDisplayMessage":false,"attachmentsCount":0,"hasContent":false,"attachmentStep":false},{"name":"abort_on_fail","time":{"start":1728007395432,"stop":1728007395432,"duration":0},"status":"passed","steps":[],"attachments":[],"parameters":[],"stepsCount":0,"shouldDisplayMessage":false,"attachmentsCount":0,"hasContent":false,"attachmentStep":false},{"name":"continuous_writes","time":{"start":1728007395433,"stop":1728007395433,"duration":0},"status":"passed","steps":[],"attachments":[],"parameters":[],"stepsCount":0,"shouldDisplayMessage":false,"attachmentsCount":0,"hasContent":false,"attachmentStep":false},{"name":"reset_restart_condition","time":{"start":1728007395433,"stop":1728007402525,"duration":7092},"status":"passed","steps":[],"attachments":[],"parameters":[],"stepsCount":0,"shouldDisplayMessage":false,"attachmentsCount":0,"hasContent":false,"attachmentStep":false},{"name":"loop_wait","time":{"start":1728007402525,"stop":1728007403570,"duration":1045},"status":"passed","steps":[],"attachments":[],"parameters":[],"stepsCount":0,"shouldDisplayMessage":false,"attachmentsCount":0,"hasContent":false,"attachmentStep":false}],"testStage":{"description":"This tests checks that a cluster recovers from a full cluster restart.\n\n    The test can be called a full cluster crash when the signal sent to the OS process\n    is SIGKILL.\n    ","status":"broken","statusMessage":"tenacity.RetryError: RetryError[<Future at 0xf076d35fcf10 state=finished raised AssertionError>]","statusTrace":"Traceback (most recent call last):\n  File \"/home/runner/actions-runner/_work/test-runners-2-azure-arm64-postgresql-operator/test-runners-2-azure-arm64-postgresql-operator/tests/integration/ha_tests/helpers.py\", line 112, in are_writes_increasing\n    more_writes[member] > count\nAssertionError: test.postgresql-1: writes not continuing to DB (current writes: 1697 - previous writes: 1697)\n\nThe above exception was the direct cause of the following exception:\n\nTraceback (most recent call last):\n  File \"/home/runner/actions-runner/_work/test-runners-2-azure-arm64-postgresql-operator/test-runners-2-azure-arm64-postgresql-operator/.tox/integration/lib/python3.10/site-packages/_pytest/runner.py\", line 341, in from_call\n    result: TResult | None = func()\n  File \"/home/runner/actions-runner/_work/test-runners-2-azure-arm64-postgresql-operator/test-runners-2-azure-arm64-postgresql-operator/.tox/integration/lib/python3.10/site-packages/_pytest/runner.py\", line 242, in <lambda>\n    lambda: runtest_hook(item=item, **kwds), when=when, reraise=reraise\n  File \"/home/runner/actions-runner/_work/test-runners-2-azure-arm64-postgresql-operator/test-runners-2-azure-arm64-postgresql-operator/.tox/integration/lib/python3.10/site-packages/pluggy/_hooks.py\", line 513, in __call__\n    return self._hookexec(self.name, self._hookimpls.copy(), kwargs, firstresult)\n  File \"/home/runner/actions-runner/_work/test-runners-2-azure-arm64-postgresql-operator/test-runners-2-azure-arm64-postgresql-operator/.tox/integration/lib/python3.10/site-packages/pluggy/_manager.py\", line 120, in _hookexec\n    return self._inner_hookexec(hook_name, methods, kwargs, firstresult)\n  File \"/home/runner/actions-runner/_work/test-runners-2-azure-arm64-postgresql-operator/test-runners-2-azure-arm64-postgresql-operator/.tox/integration/lib/python3.10/site-packages/pluggy/_callers.py\", line 182, in _multicall\n    return outcome.get_result()\n  File \"/home/runner/actions-runner/_work/test-runners-2-azure-arm64-postgresql-operator/test-runners-2-azure-arm64-postgresql-operator/.tox/integration/lib/python3.10/site-packages/pluggy/_result.py\", line 100, in get_result\n    raise exc.with_traceback(exc.__traceback__)\n  File \"/home/runner/actions-runner/_work/test-runners-2-azure-arm64-postgresql-operator/test-runners-2-azure-arm64-postgresql-operator/.tox/integration/lib/python3.10/site-packages/pluggy/_callers.py\", line 167, in _multicall\n    teardown.throw(outcome._exception)\n  File \"/home/runner/actions-runner/_work/test-runners-2-azure-arm64-postgresql-operator/test-runners-2-azure-arm64-postgresql-operator/.tox/integration/lib/python3.10/site-packages/_pytest/threadexception.py\", line 92, in pytest_runtest_call\n    yield from thread_exception_runtest_hook()\n  File \"/home/runner/actions-runner/_work/test-runners-2-azure-arm64-postgresql-operator/test-runners-2-azure-arm64-postgresql-operator/.tox/integration/lib/python3.10/site-packages/_pytest/threadexception.py\", line 68, in thread_exception_runtest_hook\n    yield\n  File \"/home/runner/actions-runner/_work/test-runners-2-azure-arm64-postgresql-operator/test-runners-2-azure-arm64-postgresql-operator/.tox/integration/lib/python3.10/site-packages/pluggy/_callers.py\", line 167, in _multicall\n    teardown.throw(outcome._exception)\n  File \"/home/runner/actions-runner/_work/test-runners-2-azure-arm64-postgresql-operator/test-runners-2-azure-arm64-postgresql-operator/.tox/integration/lib/python3.10/site-packages/_pytest/unraisableexception.py\", line 95, in pytest_runtest_call\n    yield from unraisable_exception_runtest_hook()\n  File \"/home/runner/actions-runner/_work/test-runners-2-azure-arm64-postgresql-operator/test-runners-2-azure-arm64-postgresql-operator/.tox/integration/lib/python3.10/site-packages/_pytest/unraisableexception.py\", line 70, in unraisable_exception_runtest_hook\n    yield\n  File \"/home/runner/actions-runner/_work/test-runners-2-azure-arm64-postgresql-operator/test-runners-2-azure-arm64-postgresql-operator/.tox/integration/lib/python3.10/site-packages/pluggy/_callers.py\", line 167, in _multicall\n    teardown.throw(outcome._exception)\n  File \"/home/runner/actions-runner/_work/test-runners-2-azure-arm64-postgresql-operator/test-runners-2-azure-arm64-postgresql-operator/.tox/integration/lib/python3.10/site-packages/_pytest/logging.py\", line 846, in pytest_runtest_call\n    yield from self._runtest_for(item, \"call\")\n  File \"/home/runner/actions-runner/_work/test-runners-2-azure-arm64-postgresql-operator/test-runners-2-azure-arm64-postgresql-operator/.tox/integration/lib/python3.10/site-packages/_pytest/logging.py\", line 829, in _runtest_for\n    yield\n  File \"/home/runner/actions-runner/_work/test-runners-2-azure-arm64-postgresql-operator/test-runners-2-azure-arm64-postgresql-operator/.tox/integration/lib/python3.10/site-packages/pluggy/_callers.py\", line 167, in _multicall\n    teardown.throw(outcome._exception)\n  File \"/home/runner/actions-runner/_work/test-runners-2-azure-arm64-postgresql-operator/test-runners-2-azure-arm64-postgresql-operator/.tox/integration/lib/python3.10/site-packages/_pytest/capture.py\", line 880, in pytest_runtest_call\n    return (yield)\n  File \"/home/runner/actions-runner/_work/test-runners-2-azure-arm64-postgresql-operator/test-runners-2-azure-arm64-postgresql-operator/.tox/integration/lib/python3.10/site-packages/pluggy/_callers.py\", line 167, in _multicall\n    teardown.throw(outcome._exception)\n  File \"/home/runner/actions-runner/_work/test-runners-2-azure-arm64-postgresql-operator/test-runners-2-azure-arm64-postgresql-operator/.tox/integration/lib/python3.10/site-packages/_pytest/skipping.py\", line 257, in pytest_runtest_call\n    return (yield)\n  File \"/home/runner/actions-runner/_work/test-runners-2-azure-arm64-postgresql-operator/test-runners-2-azure-arm64-postgresql-operator/.tox/integration/lib/python3.10/site-packages/pluggy/_callers.py\", line 103, in _multicall\n    res = hook_impl.function(*args)\n  File \"/home/runner/actions-runner/_work/test-runners-2-azure-arm64-postgresql-operator/test-runners-2-azure-arm64-postgresql-operator/.tox/integration/lib/python3.10/site-packages/_pytest/runner.py\", line 174, in pytest_runtest_call\n    item.runtest()\n  File \"/home/runner/actions-runner/_work/test-runners-2-azure-arm64-postgresql-operator/test-runners-2-azure-arm64-postgresql-operator/.tox/integration/lib/python3.10/site-packages/_pytest/python.py\", line 1627, in runtest\n    self.ihook.pytest_pyfunc_call(pyfuncitem=self)\n  File \"/home/runner/actions-runner/_work/test-runners-2-azure-arm64-postgresql-operator/test-runners-2-azure-arm64-postgresql-operator/.tox/integration/lib/python3.10/site-packages/pluggy/_hooks.py\", line 513, in __call__\n    return self._hookexec(self.name, self._hookimpls.copy(), kwargs, firstresult)\n  File \"/home/runner/actions-runner/_work/test-runners-2-azure-arm64-postgresql-operator/test-runners-2-azure-arm64-postgresql-operator/.tox/integration/lib/python3.10/site-packages/pluggy/_manager.py\", line 120, in _hookexec\n    return self._inner_hookexec(hook_name, methods, kwargs, firstresult)\n  File \"/home/runner/actions-runner/_work/test-runners-2-azure-arm64-postgresql-operator/test-runners-2-azure-arm64-postgresql-operator/.tox/integration/lib/python3.10/site-packages/pluggy/_callers.py\", line 182, in _multicall\n    return outcome.get_result()\n  File \"/home/runner/actions-runner/_work/test-runners-2-azure-arm64-postgresql-operator/test-runners-2-azure-arm64-postgresql-operator/.tox/integration/lib/python3.10/site-packages/pluggy/_result.py\", line 100, in get_result\n    raise exc.with_traceback(exc.__traceback__)\n  File \"/home/runner/actions-runner/_work/test-runners-2-azure-arm64-postgresql-operator/test-runners-2-azure-arm64-postgresql-operator/.tox/integration/lib/python3.10/site-packages/pluggy/_callers.py\", line 103, in _multicall\n    res = hook_impl.function(*args)\n  File \"/home/runner/actions-runner/_work/test-runners-2-azure-arm64-postgresql-operator/test-runners-2-azure-arm64-postgresql-operator/.tox/integration/lib/python3.10/site-packages/_pytest/python.py\", line 159, in pytest_pyfunc_call\n    result = testfunction(**testargs)\n  File \"/home/runner/actions-runner/_work/test-runners-2-azure-arm64-postgresql-operator/test-runners-2-azure-arm64-postgresql-operator/.tox/integration/lib/python3.10/site-packages/pytest_asyncio/plugin.py\", line 529, in inner\n    _loop.run_until_complete(task)\n  File \"/usr/lib/python3.10/asyncio/base_events.py\", line 649, in run_until_complete\n    return future.result()\n  File \"/home/runner/actions-runner/_work/test-runners-2-azure-arm64-postgresql-operator/test-runners-2-azure-arm64-postgresql-operator/tests/integration/ha_tests/test_self_healing.py\", line 300, in test_full_cluster_restart\n    await are_writes_increasing(ops_test)\n  File \"/home/runner/actions-runner/_work/test-runners-2-azure-arm64-postgresql-operator/test-runners-2-azure-arm64-postgresql-operator/tests/integration/ha_tests/helpers.py\", line 103, in are_writes_increasing\n    for attempt in Retrying(stop=stop_after_delay(60 * 3), wait=wait_fixed(3)):\n  File \"/home/runner/actions-runner/_work/test-runners-2-azure-arm64-postgresql-operator/test-runners-2-azure-arm64-postgresql-operator/.tox/integration/lib/python3.10/site-packages/tenacity/__init__.py\", line 443, in __iter__\n    do = self.iter(retry_state=retry_state)\n  File \"/home/runner/actions-runner/_work/test-runners-2-azure-arm64-postgresql-operator/test-runners-2-azure-arm64-postgresql-operator/.tox/integration/lib/python3.10/site-packages/tenacity/__init__.py\", line 376, in iter\n    result = action(retry_state)\n  File \"/home/runner/actions-runner/_work/test-runners-2-azure-arm64-postgresql-operator/test-runners-2-azure-arm64-postgresql-operator/.tox/integration/lib/python3.10/site-packages/tenacity/__init__.py\", line 419, in exc_check\n    raise retry_exc from fut.exception()\ntenacity.RetryError: RetryError[<Future at 0xf076d35fcf10 state=finished raised AssertionError>]","steps":[],"attachments":[{"uid":"59d1c96f4ff0912b","name":"log","source":"59d1c96f4ff0912b.txt","type":"text/plain","size":245}],"parameters":[],"stepsCount":0,"shouldDisplayMessage":true,"attachmentsCount":1,"hasContent":true,"attachmentStep":false},"afterStages":[{"name":"loop_wait::finalizer","time":{"start":1728007652212,"stop":1728007663284,"duration":11072},"status":"passed","steps":[],"attachments":[],"parameters":[],"stepsCount":0,"shouldDisplayMessage":false,"attachmentsCount":0,"hasContent":false,"attachmentStep":false},{"name":"reset_restart_condition::finalizer","time":{"start":1728007663285,"stop":1728007670722,"duration":7437},"status":"passed","steps":[],"attachments":[],"parameters":[],"stepsCount":0,"shouldDisplayMessage":false,"attachmentsCount":0,"hasContent":false,"attachmentStep":false},{"name":"continuous_writes::finalizer","time":{"start":1728007670722,"stop":1728008293235,"duration":622513},"status":"passed","steps":[],"attachments":[],"parameters":[],"stepsCount":0,"shouldDisplayMessage":false,"attachmentsCount":0,"hasContent":false,"attachmentStep":false},{"name":"abort_on_fail::0","time":{"start":1728008293236,"stop":1728008293236,"duration":0},"status":"passed","steps":[],"attachments":[],"parameters":[],"stepsCount":0,"shouldDisplayMessage":false,"attachmentsCount":0,"hasContent":false,"attachmentStep":false},{"name":"ops_test::finalizer","time":{"start":1728008293275,"stop":1728008293712,"duration":437},"status":"passed","steps":[],"attachments":[],"parameters":[],"stepsCount":0,"shouldDisplayMessage":false,"attachmentsCount":0,"hasContent":false,"attachmentStep":false},{"name":"event_loop::2","time":{"start":1728008293712,"stop":1728008293713,"duration":1},"status":"passed","steps":[],"attachments":[],"parameters":[],"stepsCount":0,"shouldDisplayMessage":false,"attachmentsCount":0,"hasContent":false,"attachmentStep":false},{"name":"event_loop::_close_event_loop","time":{"start":1728008293713,"stop":1728008293713,"duration":0},"status":"passed","steps":[],"attachments":[],"parameters":[],"stepsCount":0,"shouldDisplayMessage":false,"attachmentsCount":0,"hasContent":false,"attachmentStep":false},{"name":"event_loop::_provide_clean_event_loop","time":{"start":1728008293713,"stop":1728008293713,"duration":0},"status":"passed","steps":[],"attachments":[],"parameters":[],"stepsCount":0,"shouldDisplayMessage":false,"attachmentsCount":0,"hasContent":false,"attachmentStep":false}],"labels":[{"name":"tag","value":"abort_on_fail"},{"name":"tag","value":"group(1)"},{"name":"tag","value":"asyncio"},{"name":"parentSuite","value":"tests.integration.ha_tests"},{"name":"suite","value":"test_self_healing"},{"name":"host","value":"runner"},{"name":"thread","value":"17524-MainThread"},{"name":"framework","value":"pytest"},{"name":"language","value":"cpython3"},{"name":"package","value":"tests.integration.ha_tests.test_self_healing"},{"name":"resultFormat","value":"allure2"}],"parameters":[{"name":"process","value":"'postgres'"},{"name":"signal","value":"'SIGKILL'"}],"links":[],"hidden":false,"retry":false,"extra":{"severity":"normal","retries":[{"uid":"8c448e21f3dab97d","status":"unknown","time":{}}],"categories":[{"name":"Test defects","matchedStatuses":[],"flaky":false}],"history":{"statistic":{"failed":0,"broken":3,"skipped":4,"passed":16,"unknown":1,"total":24},"items":[{"uid":"831c6096fee7eb0d","reportUrl":"../99//#testresult/831c6096fee7eb0d","status":"passed","time":{"start":1727921099997,"stop":1727921173105,"duration":73108}},{"uid":"4c40d955104cc020","reportUrl":"../98//#testresult/4c40d955104cc020","status":"passed","time":{"start":1727834577261,"stop":1727834664446,"duration":87185}},{"uid":"248c65cb3e13f734","reportUrl":"../97//#testresult/248c65cb3e13f734","status":"skipped","statusDetails":"XFAIL reason: aborted\n\n_pytest.outcomes.XFailed: aborted","time":{"start":1727748947229,"stop":1727748947229,"duration":0}},{"uid":"640503bdb4e27439","reportUrl":"../96//#testresult/640503bdb4e27439","status":"passed","time":{"start":1727662060209,"stop":1727662142215,"duration":82006}},{"uid":"1fd68179bd17a9dc","reportUrl":"../95//#testresult/1fd68179bd17a9dc","status":"skipped","statusDetails":"XFAIL reason: aborted\n\n_pytest.outcomes.XFailed: aborted","time":{"start":1727575433034,"stop":1727575433034,"duration":0}},{"uid":"c5d859332e096295","reportUrl":"../94//#testresult/c5d859332e096295","status":"passed","time":{"start":1727488845705,"stop":1727488916556,"duration":70851}},{"uid":"cbb6377f13e164f7","reportUrl":"../93//#testresult/cbb6377f13e164f7","status":"passed","time":{"start":1727402740439,"stop":1727403068036,"duration":327597}},{"uid":"1361cdce3abc350e","reportUrl":"../92//#testresult/1361cdce3abc350e","status":"skipped","statusDetails":"XFAIL reason: aborted\n\n_pytest.outcomes.XFailed: aborted","time":{"start":1727317175132,"stop":1727317175132,"duration":0}},{"uid":"d778dd9893e64662","reportUrl":"../90//#testresult/d778dd9893e64662","status":"broken","statusDetails":"tenacity.RetryError: RetryError[<Future at 0xf60479296440 state=finished raised RetryError>]","time":{"start":1722218569281,"stop":1722218569281,"duration":0}},{"uid":"eccc0dae9b03ee1","reportUrl":"../89//#testresult/eccc0dae9b03ee1","status":"passed","time":{"start":1722131845746,"stop":1722131877947,"duration":32201}},{"uid":"c20d492e3051f1d6","reportUrl":"../88//#testresult/c20d492e3051f1d6","status":"passed","time":{"start":1722045552035,"stop":1722045595480,"duration":43445}},{"uid":"a311cc07997cb615","reportUrl":"../87//#testresult/a311cc07997cb615","status":"passed","time":{"start":1721959477986,"stop":1721959510310,"duration":32324}},{"uid":"e311453fc2feaf0f","reportUrl":"../86//#testresult/e311453fc2feaf0f","status":"skipped","statusDetails":"XFAIL reason: aborted\n\n_pytest.outcomes.XFailed: aborted","time":{"start":1721872834767,"stop":1721872834767,"duration":0}},{"uid":"58c6fd48e2560b2c","reportUrl":"../85//#testresult/58c6fd48e2560b2c","status":"passed","time":{"start":1721786353332,"stop":1721786394211,"duration":40879}},{"uid":"1adf0838011a0553","reportUrl":"../84//#testresult/1adf0838011a0553","status":"passed","time":{"start":1721699866665,"stop":1721699897329,"duration":30664}},{"uid":"8bf2c0db2e6aacc8","reportUrl":"../83//#testresult/8bf2c0db2e6aacc8","status":"passed","time":{"start":1721613724828,"stop":1721613750955,"duration":26127}},{"uid":"54758344b6f9c9dc","reportUrl":"../81//#testresult/54758344b6f9c9dc","status":"passed","time":{"start":1721441221790,"stop":1721441254864,"duration":33074}},{"uid":"85da73c2e1b2d1b4","reportUrl":"../78//#testresult/85da73c2e1b2d1b4","status":"passed","time":{"start":1721358139469,"stop":1721358166467,"duration":26998}},{"uid":"4a0dae6fc6c524a7","reportUrl":"../75//#testresult/4a0dae6fc6c524a7","status":"broken","statusDetails":"tenacity.RetryError: RetryError[<Future at 0xf9924752a680 state=finished raised RetryError>]","time":{"start":1718159666753,"stop":1718159666753,"duration":0}},{"uid":"a748569fb07fc9","reportUrl":"../73//#testresult/a748569fb07fc9","status":"unknown","time":{}}]},"tags":["asyncio","abort_on_fail","group(1)"]},"source":"254ce9ab60501fa.json","parameterValues":["'postgres'","'SIGKILL'"]}