[32mINFO    [0m juju.model:model.py:2097 Deploying local:jammy/postgresql-1
[32mINFO    [0m juju.model:model.py:2971 Waiting for model:
  second-postgresql/0 [allocating] waiting: waiting for machine
  second-postgresql/1 [allocating] waiting: waiting for machine
[32mINFO    [0m juju.model:model.py:2971 Waiting for model:
  second-postgresql/0 [allocating] waiting: waiting for machine
  second-postgresql/1 [allocating] waiting: waiting for machine
[32mINFO    [0m juju.model:model.py:2971 Waiting for model:
  second-postgresql/0 [allocating] waiting: waiting for machine
  second-postgresql/1 [allocating] waiting: waiting for machine
[32mINFO    [0m juju.model:model.py:2971 Waiting for model:
  second-postgresql/0 [allocating] waiting: waiting for machine
  second-postgresql/1 [allocating] waiting: waiting for machine
[32mINFO    [0m juju.model:model.py:2971 Waiting for model:
  second-postgresql/0 [executing] maintenance: installing PostgreSQL
  second-postgresql/1 [executing] maintenance: installing PostgreSQL
[32mINFO    [0m juju.model:model.py:2971 Waiting for model:
  second-postgresql/0 [executing] waiting: waiting to start PostgreSQL
  second-postgresql/1 [idle] waiting: awaiting for cluster to start
[32mINFO    [0m juju.model:model.py:2971 Waiting for model:
  second-postgresql/0 [executing] active: Primary
  second-postgresql/1 [executing] waiting: awaiting for cluster to start
[32mINFO    [0m juju.model:model.py:2971 Waiting for model:
  second-postgresql/0 [executing] active: Primary
  second-postgresql/1 [executing] waiting: awaiting for cluster to start
[32mINFO    [0m juju.model:model.py:2971 Waiting for model:
  second-postgresql/0 [executing] active: Primary
  second-postgresql/1 [executing] active: 
[32mINFO    [0m juju.model:model.py:2971 Waiting for model:
  second-postgresql/0 [executing] active: Primary
  second-postgresql/1 [idle] active:
[32mINFO    [0m pytest_operator.plugin:plugin.py:862 Model status:

Model  Controller           Cloud/Region         Version  SLA          Timestamp
test   localhost-localhost  localhost/localhost  3.4.4    unsupported  01:50:12Z

App                  Version  Status  Scale  Charm                Channel      Rev  Exposed  Message
postgresql           14.12    active      2  postgresql                          0  no       
postgresql-test-app           active      1  postgresql-test-app  latest/edge  191  no       received database credentials of the first database
second-postgresql    14.12    active      2  postgresql                          1  no       

Unit                    Workload  Agent  Machine  Public address  Ports     Message
postgresql-test-app/0*  active    idle   3        10.27.94.111              received database credentials of the first database
postgresql/0*           active    idle   0        10.27.94.72     5432/tcp  Primary
postgresql/2            active    idle   2        10.27.94.88     5432/tcp  
second-postgresql/0*    active    idle   4        10.27.94.201    5432/tcp  Primary
second-postgresql/1     active    idle   5        10.27.94.60     5432/tcp  

Machine  State    Address       Inst id        Base          AZ  Message
0        started  10.27.94.72   juju-49ca67-0  ubuntu@22.04      Running
2        started  10.27.94.88   juju-49ca67-2  ubuntu@22.04      Running
3        started  10.27.94.111  juju-49ca67-3  ubuntu@22.04      Running
4        started  10.27.94.201  juju-49ca67-4  ubuntu@22.04      Running
5        started  10.27.94.60   juju-49ca67-5  ubuntu@22.04      Running

[32mINFO    [0m pytest_operator.plugin:plugin.py:868 Juju error logs:

machine-1: 01:35:03 ERROR juju.worker.dependency "kvm-container-provisioner" manifold worker returned unexpected error: container types not yet available
machine-1: 01:35:03 ERROR juju.worker.dependency "lxd-container-provisioner" manifold worker returned unexpected error: container types not yet available
unit-postgresql-1: 01:35:03 ERROR juju.worker.meterstatus error running "meter-status-changed": charm missing from disk
machine-3: 01:35:41 ERROR juju.worker.dependency "lxd-container-provisioner" manifold worker returned unexpected error: container types not yet available
machine-3: 01:35:41 ERROR juju.worker.dependency "kvm-container-provisioner" manifold worker returned unexpected error: container types not yet available
unit-postgresql-test-app-0: 01:35:41 ERROR juju.worker.meterstatus error running "meter-status-changed": charm missing from disk
machine-0: 01:35:44 ERROR juju.worker.dependency "lxd-container-provisioner" manifold worker returned unexpected error: container types not yet available
machine-0: 01:35:44 ERROR juju.worker.dependency "kvm-container-provisioner" manifold worker returned unexpected error: container types not yet available
unit-postgresql-0: 01:35:44 ERROR juju.worker.meterstatus error running "meter-status-changed": charm missing from disk
machine-2: 01:35:45 ERROR juju.worker.dependency "lxd-container-provisioner" manifold worker returned unexpected error: container types not yet available
machine-2: 01:35:45 ERROR juju.worker.dependency "kvm-container-provisioner" manifold worker returned unexpected error: container types not yet available
unit-postgresql-2: 01:35:45 ERROR juju.worker.meterstatus error running "meter-status-changed": charm missing from disk
unit-postgresql-test-app-0: 01:43:58 ERROR unit.postgresql-test-app/0.juju-log first-database:4: Unable to read result
Traceback (most recent call last):
  File "/var/lib/juju/agents/unit-postgresql-test-app-0/charm/./src/charm.py", line 371, in _stop_continuous_writes
    with open(LAST_WRITTEN_FILE, "r") as fd:
FileNotFoundError: [Errno 2] No such file or directory: '/tmp/last_written_value'

The above exception was the direct cause of the following exception:

Traceback (most recent call last):
  File "/var/lib/juju/agents/unit-postgresql-test-app-0/charm/./src/charm.py", line 369, in _stop_continuous_writes
    for attempt in Retrying(stop=stop_after_delay(60), wait=wait_fixed(5)):
  File "/var/lib/juju/agents/unit-postgresql-test-app-0/charm/venv/tenacity/__init__.py", line 443, in __iter__
    do = self.iter(retry_state=retry_state)
  File "/var/lib/juju/agents/unit-postgresql-test-app-0/charm/venv/tenacity/__init__.py", line 376, in iter
    result = action(retry_state)
  File "/var/lib/juju/agents/unit-postgresql-test-app-0/charm/venv/tenacity/__init__.py", line 419, in exc_check
    raise retry_exc from fut.exception()
tenacity.RetryError: RetryError[<Future at 0xfeb02d367430 state=finished raised FileNotFoundError>]
machine-4: 01:46:43 ERROR juju.worker.dependency "kvm-container-provisioner" manifold worker returned unexpected error: container types not yet available
machine-4: 01:46:43 ERROR juju.worker.dependency "lxd-container-provisioner" manifold worker returned unexpected error: container types not yet available
unit-second-postgresql-0: 01:46:43 ERROR juju.worker.meterstatus error running "meter-status-changed": charm missing from disk
machine-5: 01:46:43 ERROR juju.worker.dependency "kvm-container-provisioner" manifold worker returned unexpected error: container types not yet available
machine-5: 01:46:43 ERROR juju.worker.dependency "lxd-container-provisioner" manifold worker returned unexpected error: container types not yet available
unit-second-postgresql-1: 01:46:43 ERROR juju.worker.meterstatus error running "meter-status-changed": charm missing from disk

[32mINFO    [0m pytest_operator.plugin:plugin.py:947 Forgetting model main...