[32mINFO    [0m pytest_operator.plugin:plugin.py:862 Model status:

Model  Controller           Cloud/Region         Version  SLA          Timestamp
test   localhost-localhost  localhost/localhost  3.4.4    unsupported  02:03:36Z

App                      Version  Status   Scale  Charm                Channel        Rev  Exposed  Message
another-application               active       1  postgresql-test-app  latest/edge    191  no       received database credentials of the first database
another-data-integrator           blocked      1  data-integrator      latest/stable   26  no       Please relate the data-integrator with the desired product
another-database         14.12    active       2  postgresql                            1  no       
data-integrator                   blocked      1  data-integrator      latest/stable   26  no       Please relate the data-integrator with the desired product
database                 14.12    active       2  postgresql                            0  no       
postgresql-test-app               active       2  postgresql-test-app  latest/edge    191  no       received database credentials of the second database

Unit                        Workload  Agent  Machine  Public address  Ports     Message
another-application/0*      active    idle   6        10.48.53.233              received database credentials of the first database
another-data-integrator/0*  blocked   idle   10       10.48.53.213              Please relate the data-integrator with the desired product
another-database/0*         active    idle   3        10.48.53.130    5432/tcp  Primary
another-database/1          active    idle   4        10.48.53.4      5432/tcp  
data-integrator/0*          blocked   idle   9        10.48.53.113              Please relate the data-integrator with the desired product
database/2                  active    idle   7        10.48.53.105    5432/tcp  Primary
database/3*                 active    idle   8        10.48.53.182    5432/tcp  
postgresql-test-app/0*      active    idle   0        10.48.53.73               received database credentials of the second database
postgresql-test-app/1       active    idle   1        10.48.53.137              received database credentials of the second database

Machine  State    Address       Inst id         Base          AZ  Message
0        started  10.48.53.73   juju-92fd97-0   ubuntu@22.04      Running
1        started  10.48.53.137  juju-92fd97-1   ubuntu@22.04      Running
3        started  10.48.53.130  juju-92fd97-3   ubuntu@22.04      Running
4        started  10.48.53.4    juju-92fd97-4   ubuntu@22.04      Running
6        started  10.48.53.233  juju-92fd97-6   ubuntu@22.04      Running
7        started  10.48.53.105  juju-92fd97-7   ubuntu@22.04      Running
8        started  10.48.53.182  juju-92fd97-8   ubuntu@22.04      Running
9        started  10.48.53.113  juju-92fd97-9   ubuntu@22.04      Running
10       started  10.48.53.213  juju-92fd97-10  ubuntu@22.04      Running

[32mINFO    [0m pytest_operator.plugin:plugin.py:868 Juju error logs:

machine-0: 01:36:08 ERROR juju.worker.dependency "kvm-container-provisioner" manifold worker returned unexpected error: container types not yet available
machine-0: 01:36:08 ERROR juju.worker.dependency "lxd-container-provisioner" manifold worker returned unexpected error: container types not yet available
unit-postgresql-test-app-0: 01:36:08 ERROR juju.worker.meterstatus error running "meter-status-changed": charm missing from disk
machine-1: 01:36:09 ERROR juju.worker.dependency "lxd-container-provisioner" manifold worker returned unexpected error: container types not yet available
machine-1: 01:36:09 ERROR juju.worker.dependency "kvm-container-provisioner" manifold worker returned unexpected error: container types not yet available
unit-postgresql-test-app-1: 01:36:10 ERROR juju.worker.meterstatus error running "meter-status-changed": charm missing from disk
machine-3: 01:36:31 ERROR juju.worker.dependency "kvm-container-provisioner" manifold worker returned unexpected error: container types not yet available
machine-3: 01:36:31 ERROR juju.worker.dependency "lxd-container-provisioner" manifold worker returned unexpected error: container types not yet available
unit-another-database-0: 01:36:31 ERROR juju.worker.meterstatus error running "meter-status-changed": charm missing from disk
machine-2: 01:37:03 ERROR juju.worker.dependency "lxd-container-provisioner" manifold worker returned unexpected error: container types not yet available
machine-2: 01:37:03 ERROR juju.worker.dependency "kvm-container-provisioner" manifold worker returned unexpected error: container types not yet available
unit-database-0: 01:37:03 ERROR juju.worker.meterstatus error running "meter-status-changed": charm missing from disk
machine-4: 01:37:10 ERROR juju.worker.dependency "kvm-container-provisioner" manifold worker returned unexpected error: container types not yet available
machine-4: 01:37:10 ERROR juju.worker.dependency "lxd-container-provisioner" manifold worker returned unexpected error: container types not yet available
unit-another-database-1: 01:37:10 ERROR juju.worker.meterstatus error running "meter-status-changed": charm missing from disk
machine-5: 01:42:20 ERROR juju.worker.dependency "kvm-container-provisioner" manifold worker returned unexpected error: container types not yet available
machine-5: 01:42:20 ERROR juju.worker.dependency "lxd-container-provisioner" manifold worker returned unexpected error: container types not yet available
unit-database-1: 01:42:20 ERROR juju.worker.meterstatus error running "meter-status-changed": charm missing from disk
machine-6: 01:46:09 ERROR juju.worker.dependency "kvm-container-provisioner" manifold worker returned unexpected error: container types not yet available
machine-6: 01:46:09 ERROR juju.worker.dependency "lxd-container-provisioner" manifold worker returned unexpected error: container types not yet available
unit-another-application-0: 01:46:09 ERROR juju.worker.meterstatus error running "meter-status-changed": charm missing from disk
machine-7: 01:49:43 ERROR juju.worker.dependency "kvm-container-provisioner" manifold worker returned unexpected error: container types not yet available
machine-7: 01:49:43 ERROR juju.worker.dependency "lxd-container-provisioner" manifold worker returned unexpected error: container types not yet available
unit-database-2: 01:49:43 ERROR juju.worker.meterstatus error running "meter-status-changed": charm missing from disk
machine-8: 01:49:54 ERROR juju.worker.dependency "lxd-container-provisioner" manifold worker returned unexpected error: container types not yet available
machine-8: 01:49:54 ERROR juju.worker.dependency "kvm-container-provisioner" manifold worker returned unexpected error: container types not yet available
unit-database-3: 01:49:54 ERROR juju.worker.meterstatus error running "meter-status-changed": charm missing from disk
machine-9: 01:58:56 ERROR juju.worker.dependency "kvm-container-provisioner" manifold worker returned unexpected error: container types not yet available
machine-9: 01:58:56 ERROR juju.worker.dependency "lxd-container-provisioner" manifold worker returned unexpected error: container types not yet available
unit-data-integrator-0: 01:58:56 ERROR juju.worker.meterstatus error running "meter-status-changed": charm missing from disk
machine-10: 02:01:45 ERROR juju.worker.dependency "kvm-container-provisioner" manifold worker returned unexpected error: container types not yet available
machine-10: 02:01:45 ERROR juju.worker.dependency "lxd-container-provisioner" manifold worker returned unexpected error: container types not yet available
unit-another-data-integrator-0: 02:01:45 ERROR juju.worker.meterstatus error running "meter-status-changed": charm missing from disk
unit-database-3: 02:02:24 ERROR unit.database/3.juju-log database:20: Invalid extra user roles: test
unit-database-3: 02:02:24 ERROR unit.database/3.juju-log database:20: invalid role(s) for extra user roles
Traceback (most recent call last):
  File "/var/lib/juju/agents/unit-database-3/charm/src/relations/postgresql_provider.py", line 93, in _on_database_requested
    self.charm.postgresql.create_user(user, password, extra_user_roles=extra_user_roles)
  File "/var/lib/juju/agents/unit-database-3/charm/lib/charms/tempo_k8s/v1/charm_tracing.py", line 647, in wrapped_function
    return callable(*args, **kwargs)  # type: ignore
  File "/var/lib/juju/agents/unit-database-3/charm/lib/charms/postgresql_k8s/v0/postgresql.py", line 225, in create_user
    raise PostgreSQLCreateUserError(INVALID_EXTRA_USER_ROLE_BLOCKING_MESSAGE)
charms.postgresql_k8s.v0.postgresql.PostgreSQLCreateUserError: invalid role(s) for extra user roles
unit-database-3: 02:02:26 ERROR unit.database/3.juju-log database:19: Invalid extra user roles: test
unit-database-3: 02:02:26 ERROR unit.database/3.juju-log database:19: invalid role(s) for extra user roles
Traceback (most recent call last):
  File "/var/lib/juju/agents/unit-database-3/charm/src/relations/postgresql_provider.py", line 93, in _on_database_requested
    self.charm.postgresql.create_user(user, password, extra_user_roles=extra_user_roles)
  File "/var/lib/juju/agents/unit-database-3/charm/lib/charms/tempo_k8s/v1/charm_tracing.py", line 647, in wrapped_function
    return callable(*args, **kwargs)  # type: ignore
  File "/var/lib/juju/agents/unit-database-3/charm/lib/charms/postgresql_k8s/v0/postgresql.py", line 225, in create_user
    raise PostgreSQLCreateUserError(INVALID_EXTRA_USER_ROLE_BLOCKING_MESSAGE)
charms.postgresql_k8s.v0.postgresql.PostgreSQLCreateUserError: invalid role(s) for extra user roles
unit-another-data-integrator-0: 02:03:15 ERROR juju.worker.dependency "uniter" manifold worker returned unexpected error: relation scope id "db03788b-b364-4f83-8e2f-a3640c92fd97:r#20#database": settings db03788b-b364-4f83-8e2f-a3640c92fd97:r#20#database not found (not found)
unit-database-2: 02:03:15 ERROR juju.worker.dependency "uniter" manifold worker returned unexpected error: relation scope id "db03788b-b364-4f83-8e2f-a3640c92fd97:r#20#another-data-integrator": settings db03788b-b364-4f83-8e2f-a3640c92fd97:r#20#another-data-integrator not found (not found)

[32mINFO    [0m pytest_operator.plugin:plugin.py:947 Forgetting model main...